{"/home/travis/build/npmtest/node-npmtest-google-sheets/test.js":{"path":"/home/travis/build/npmtest/node-npmtest-google-sheets/test.js","s":{"1":2,"2":2,"3":2,"4":2,"5":2,"6":2,"7":2,"8":1,"9":2,"10":2,"11":1,"12":1,"13":1,"14":1,"15":2,"16":2,"17":2,"18":2,"19":1,"20":1,"21":2,"22":2,"23":2,"24":1,"25":1,"26":1,"27":1,"28":1,"29":1,"30":1,"31":1,"32":1,"33":1,"34":1,"35":1,"36":1,"37":1,"38":1,"39":2,"40":2,"41":1,"42":2,"43":2,"44":1,"45":2,"46":2,"47":1,"48":2,"49":2,"50":1,"51":1,"52":1,"53":1,"54":1},"b":{"1":[2,1,1,1],"2":[1,1,1,1],"3":[1,1],"4":[1,1],"5":[1,1],"6":[1,1],"7":[1,1],"8":[1,1],"9":[1,1],"10":[1,1,1],"11":[1,1],"12":[1,1],"13":[1,1],"14":[1,1],"15":[1,1],"16":[1,1],"17":[1,1]},"f":{"1":2,"2":2,"3":2,"4":2,"5":2,"6":1,"7":1,"8":1,"9":2,"10":2,"11":2,"12":2,"13":1},"fnMap":{"1":{"name":"(anonymous_1)","line":12,"loc":{"start":{"line":12,"column":1},"end":{"line":12,"column":13}}},"2":{"name":"(anonymous_2)","line":19,"loc":{"start":{"line":19,"column":5},"end":{"line":19,"column":17}}},"3":{"name":"(anonymous_3)","line":23,"loc":{"start":{"line":23,"column":24},"end":{"line":23,"column":36}}},"4":{"name":"(anonymous_4)","line":61,"loc":{"start":{"line":61,"column":5},"end":{"line":61,"column":17}}},"5":{"name":"(anonymous_5)","line":82,"loc":{"start":{"line":82,"column":5},"end":{"line":82,"column":17}}},"6":{"name":"(anonymous_6)","line":91,"loc":{"start":{"line":91,"column":77},"end":{"line":94,"column":10}}},"7":{"name":"(anonymous_7)","line":112,"loc":{"start":{"line":112,"column":83},"end":{"line":115,"column":10}},"skip":true},"8":{"name":"(anonymous_8)","line":123,"loc":{"start":{"line":123,"column":77},"end":{"line":126,"column":10}},"skip":true},"9":{"name":"(anonymous_9)","line":139,"loc":{"start":{"line":139,"column":12},"end":{"line":139,"column":40}},"skip":true},"10":{"name":"(anonymous_10)","line":147,"loc":{"start":{"line":147,"column":77},"end":{"line":150,"column":10}},"skip":true},"11":{"name":"(anonymous_11)","line":158,"loc":{"start":{"line":158,"column":83},"end":{"line":161,"column":10}},"skip":true},"12":{"name":"(anonymous_12)","line":169,"loc":{"start":{"line":169,"column":79},"end":{"line":172,"column":10}},"skip":true},"13":{"name":"(anonymous_13)","line":180,"loc":{"start":{"line":180,"column":75},"end":{"line":183,"column":10}},"skip":true}},"statementMap":{"1":{"start":{"line":12,"column":0},"end":{"line":195,"column":5}},"2":{"start":{"line":14,"column":4},"end":{"line":14,"column":14}},"3":{"start":{"line":19,"column":4},"end":{"line":56,"column":9}},"4":{"start":{"line":21,"column":8},"end":{"line":21,"column":19}},"5":{"start":{"line":23,"column":8},"end":{"line":35,"column":13}},"6":{"start":{"line":24,"column":12},"end":{"line":34,"column":13}},"7":{"start":{"line":25,"column":16},"end":{"line":28,"column":30}},"8":{"start":{"line":30,"column":16},"end":{"line":33,"column":27}},"9":{"start":{"line":37,"column":8},"end":{"line":39,"column":21}},"10":{"start":{"line":40,"column":8},"end":{"line":53,"column":9}},"11":{"start":{"line":43,"column":12},"end":{"line":46,"column":14}},"12":{"start":{"line":47,"column":12},"end":{"line":47,"column":18}},"13":{"start":{"line":50,"column":12},"end":{"line":51,"column":33}},"14":{"start":{"line":52,"column":12},"end":{"line":52,"column":18}},"15":{"start":{"line":55,"column":8},"end":{"line":55,"column":35}},"16":{"start":{"line":61,"column":4},"end":{"line":63,"column":9}},"17":{"start":{"line":62,"column":8},"end":{"line":62,"column":15}},"18":{"start":{"line":64,"column":4},"end":{"line":77,"column":5}},"19":{"start":{"line":70,"column":8},"end":{"line":70,"column":14}},"20":{"start":{"line":76,"column":8},"end":{"line":76,"column":14}},"21":{"start":{"line":82,"column":4},"end":{"line":84,"column":9}},"22":{"start":{"line":83,"column":8},"end":{"line":83,"column":15}},"23":{"start":{"line":85,"column":4},"end":{"line":194,"column":5}},"24":{"start":{"line":91,"column":8},"end":{"line":99,"column":10}},"25":{"start":{"line":98,"column":12},"end":{"line":98,"column":35}},"26":{"start":{"line":102,"column":8},"end":{"line":104,"column":63}},"27":{"start":{"line":105,"column":8},"end":{"line":105,"column":14}},"28":{"start":{"line":112,"column":8},"end":{"line":121,"column":10},"skip":true},"29":{"start":{"line":119,"column":12},"end":{"line":119,"column":55},"skip":true},"30":{"start":{"line":120,"column":12},"end":{"line":120,"column":48},"skip":true},"31":{"start":{"line":123,"column":8},"end":{"line":136,"column":10},"skip":true},"32":{"start":{"line":130,"column":12},"end":{"line":130,"column":76},"skip":true},"33":{"start":{"line":131,"column":12},"end":{"line":131,"column":73},"skip":true},"34":{"start":{"line":132,"column":12},"end":{"line":132,"column":74},"skip":true},"35":{"start":{"line":133,"column":12},"end":{"line":133,"column":79},"skip":true},"36":{"start":{"line":134,"column":12},"end":{"line":134,"column":25},"skip":true},"37":{"start":{"line":135,"column":12},"end":{"line":135,"column":45},"skip":true},"38":{"start":{"line":138,"column":8},"end":{"line":145,"column":14},"skip":true},"39":{"start":{"line":143,"column":16},"end":{"line":143,"column":29},"skip":true},"40":{"start":{"line":144,"column":16},"end":{"line":144,"column":55},"skip":true},"41":{"start":{"line":147,"column":8},"end":{"line":156,"column":10},"skip":true},"42":{"start":{"line":154,"column":12},"end":{"line":154,"column":25},"skip":true},"43":{"start":{"line":155,"column":12},"end":{"line":155,"column":45},"skip":true},"44":{"start":{"line":158,"column":8},"end":{"line":167,"column":10},"skip":true},"45":{"start":{"line":165,"column":12},"end":{"line":165,"column":25},"skip":true},"46":{"start":{"line":166,"column":12},"end":{"line":166,"column":48},"skip":true},"47":{"start":{"line":169,"column":8},"end":{"line":178,"column":10},"skip":true},"48":{"start":{"line":176,"column":12},"end":{"line":176,"column":25},"skip":true},"49":{"start":{"line":177,"column":12},"end":{"line":177,"column":46},"skip":true},"50":{"start":{"line":180,"column":8},"end":{"line":189,"column":10},"skip":true},"51":{"start":{"line":187,"column":12},"end":{"line":187,"column":94},"skip":true},"52":{"start":{"line":188,"column":12},"end":{"line":188,"column":48},"skip":true},"53":{"start":{"line":192,"column":8},"end":{"line":192,"column":35},"skip":true},"54":{"start":{"line":193,"column":8},"end":{"line":193,"column":14},"skip":true}},"branchMap":{"1":{"line":25,"type":"binary-expr","locations":[{"start":{"line":25,"column":23},"end":{"line":25,"column":62}},{"start":{"line":26,"column":20},"end":{"line":26,"column":70}},{"start":{"line":27,"column":20},"end":{"line":27,"column":71}},{"start":{"line":28,"column":20},"end":{"line":28,"column":29}}]},"2":{"line":30,"type":"binary-expr","locations":[{"start":{"line":30,"column":23},"end":{"line":30,"column":37}},{"start":{"line":31,"column":20},"end":{"line":31,"column":61}},{"start":{"line":32,"column":20},"end":{"line":32,"column":70}},{"start":{"line":33,"column":20},"end":{"line":33,"column":26}}]},"3":{"line":37,"type":"cond-expr","locations":[{"start":{"line":38,"column":14},"end":{"line":38,"column":20}},{"start":{"line":39,"column":14},"end":{"line":39,"column":20}}]},"4":{"line":40,"type":"switch","locations":[{"start":{"line":42,"column":8},"end":{"line":47,"column":18}},{"start":{"line":49,"column":8},"end":{"line":52,"column":18}}]},"5":{"line":44,"type":"binary-expr","locations":[{"start":{"line":44,"column":16},"end":{"line":44,"column":44}},{"start":{"line":44,"column":48},"end":{"line":44,"column":66}}]},"6":{"line":50,"type":"binary-expr","locations":[{"start":{"line":50,"column":21},"end":{"line":50,"column":49}},{"start":{"line":50,"column":53},"end":{"line":50,"column":72}}]},"7":{"line":64,"type":"switch","locations":[{"start":{"line":69,"column":4},"end":{"line":70,"column":14}},{"start":{"line":75,"column":4},"end":{"line":76,"column":14}}]},"8":{"line":85,"type":"switch","locations":[{"start":{"line":90,"column":4},"end":{"line":105,"column":14}},{"start":{"line":111,"column":4},"end":{"line":193,"column":14},"skip":true}]},"9":{"line":91,"type":"binary-expr","locations":[{"start":{"line":91,"column":42},"end":{"line":91,"column":73}},{"start":{"line":91,"column":77},"end":{"line":99,"column":9}}]},"10":{"line":102,"type":"binary-expr","locations":[{"start":{"line":102,"column":18},"end":{"line":102,"column":32}},{"start":{"line":103,"column":12},"end":{"line":103,"column":53}},{"start":{"line":104,"column":12},"end":{"line":104,"column":61}}]},"11":{"line":112,"type":"binary-expr","locations":[{"start":{"line":112,"column":45},"end":{"line":112,"column":79},"skip":true},{"start":{"line":112,"column":83},"end":{"line":121,"column":9},"skip":true}]},"12":{"line":123,"type":"binary-expr","locations":[{"start":{"line":123,"column":42},"end":{"line":123,"column":73},"skip":true},{"start":{"line":123,"column":77},"end":{"line":136,"column":9},"skip":true}]},"13":{"line":138,"type":"binary-expr","locations":[{"start":{"line":138,"column":48},"end":{"line":138,"column":85},"skip":true},{"start":{"line":139,"column":12},"end":{"line":145,"column":13},"skip":true}]},"14":{"line":147,"type":"binary-expr","locations":[{"start":{"line":147,"column":42},"end":{"line":147,"column":73},"skip":true},{"start":{"line":147,"column":77},"end":{"line":156,"column":9},"skip":true}]},"15":{"line":158,"type":"binary-expr","locations":[{"start":{"line":158,"column":45},"end":{"line":158,"column":79},"skip":true},{"start":{"line":158,"column":83},"end":{"line":167,"column":9},"skip":true}]},"16":{"line":169,"type":"binary-expr","locations":[{"start":{"line":169,"column":43},"end":{"line":169,"column":75},"skip":true},{"start":{"line":169,"column":79},"end":{"line":178,"column":9},"skip":true}]},"17":{"line":180,"type":"binary-expr","locations":[{"start":{"line":180,"column":41},"end":{"line":180,"column":71},"skip":true},{"start":{"line":180,"column":75},"end":{"line":189,"column":9},"skip":true}]}},"code":["/* istanbul instrument in package npmtest_google_sheets */","/*jslint","    bitwise: true,","    browser: true,","    maxerr: 8,","    maxlen: 96,","    node: true,","    nomen: true,","    regexp: true,","    stupid: true","*/","(function () {","    'use strict';","    var local;","","","","    // run shared js-env code - pre-init","    (function () {","        // init local","        local = {};","        // init modeJs","        local.modeJs = (function () {","            try {","                return typeof navigator.userAgent === 'string' &&","                    typeof document.querySelector('body') === 'object' &&","                    typeof XMLHttpRequest.prototype.open === 'function' &&","                    'browser';","            } catch (errorCaughtBrowser) {","                return module.exports &&","                    typeof process.versions.node === 'string' &&","                    typeof require('http').createServer === 'function' &&","                    'node';","            }","        }());","        // init global","        local.global = local.modeJs === 'browser'","            ? window","            : global;","        switch (local.modeJs) {","        // re-init local from window.local","        case 'browser':","            local = local.global.utility2.objectSetDefault(","                local.global.utility2_rollup || local.global.local,","                local.global.utility2","            );","            break;","        // re-init local from example.js","        case 'node':","            local = (local.global.utility2_rollup || require('utility2'))","                .requireReadme();","            break;","        }","        // export local","        local.global.local = local;","    }());","","","","    // run shared js-env code - function","    (function () {","        return;","    }());","    switch (local.modeJs) {","","","","    // run browser js-env code - function","    case 'browser':","        break;","","","","    // run node js-env code - function","    case 'node':","        break;","    }","","","","    // run shared js-env code - post-init","    (function () {","        return;","    }());","    switch (local.modeJs) {","","","","    // run browser js-env code - post-init","    case 'browser':","        local.testCase_browser_nullCase = local.testCase_browser_nullCase || function (","            options,","            onError","        ) {","        /*","         * this function will test browsers's null-case handling-behavior-behavior","         */","            onError(null, options);","        };","","        // run tests","        local.nop(local.modeTest &&","            document.querySelector('#testRunButton1') &&","            document.querySelector('#testRunButton1').click());","        break;","","","","    // run node js-env code - post-init","    /* istanbul ignore next */","    case 'node':","        local.testCase_buildApidoc_default = local.testCase_buildApidoc_default || function (","            options,","            onError","        ) {","        /*","         * this function will test buildApidoc's default handling-behavior-behavior","         */","            options = { modulePathList: module.paths };","            local.buildApidoc(options, onError);","        };","","        local.testCase_buildApp_default = local.testCase_buildApp_default || function (","            options,","            onError","        ) {","        /*","         * this function will test buildApp's default handling-behavior-behavior","         */","            local.testCase_buildReadme_default(options, local.onErrorThrow);","            local.testCase_buildLib_default(options, local.onErrorThrow);","            local.testCase_buildTest_default(options, local.onErrorThrow);","            local.testCase_buildCustomOrg_default(options, local.onErrorThrow);","            options = [];","            local.buildApp(options, onError);","        };","","        local.testCase_buildCustomOrg_default = local.testCase_buildCustomOrg_default ||","            function (options, onError) {","            /*","             * this function will test buildCustomOrg's default handling-behavior","             */","                options = {};","                local.buildCustomOrg(options, onError);","            };","","        local.testCase_buildLib_default = local.testCase_buildLib_default || function (","            options,","            onError","        ) {","        /*","         * this function will test buildLib's default handling-behavior","         */","            options = {};","            local.buildLib(options, onError);","        };","","        local.testCase_buildReadme_default = local.testCase_buildReadme_default || function (","            options,","            onError","        ) {","        /*","         * this function will test buildReadme's default handling-behavior-behavior","         */","            options = {};","            local.buildReadme(options, onError);","        };","","        local.testCase_buildTest_default = local.testCase_buildTest_default || function (","            options,","            onError","        ) {","        /*","         * this function will test buildTest's default handling-behavior","         */","            options = {};","            local.buildTest(options, onError);","        };","","        local.testCase_webpage_default = local.testCase_webpage_default || function (","            options,","            onError","        ) {","        /*","         * this function will test webpage's default handling-behavior","         */","            options = { modeCoverageMerge: true, url: local.serverLocalHost + '?modeTest=1' };","            local.browserTest(options, onError);","        };","","        // run test-server","        local.testRunServer(local);","        break;","    }","}());",""],"l":{"12":2,"14":2,"19":2,"21":2,"23":2,"24":2,"25":2,"30":1,"37":2,"40":2,"43":1,"47":1,"50":1,"52":1,"55":2,"61":2,"62":2,"64":2,"70":1,"76":1,"82":2,"83":2,"85":2,"91":1,"98":1,"102":1,"105":1,"112":1,"119":1,"120":1,"123":1,"130":1,"131":1,"132":1,"133":1,"134":1,"135":1,"138":1,"143":2,"144":2,"147":1,"154":2,"155":2,"158":1,"165":2,"166":2,"169":1,"176":2,"177":2,"180":1,"187":1,"188":1,"192":1,"193":1}},"/home/travis/build/npmtest/node-npmtest-google-sheets/lib.npmtest_google_sheets.js":{"path":"/home/travis/build/npmtest/node-npmtest-google-sheets/lib.npmtest_google_sheets.js","s":{"1":2,"2":2,"3":2,"4":2,"5":2,"6":2,"7":2,"8":1,"9":2,"10":2,"11":2,"12":2,"13":1,"14":1,"15":1,"16":1},"b":{"1":[2,1,1,1],"2":[1,1,1,1],"3":[1,1],"4":[2,2],"5":[1,1]},"f":{"1":2,"2":2,"3":2},"fnMap":{"1":{"name":"(anonymous_1)","line":12,"loc":{"start":{"line":12,"column":1},"end":{"line":12,"column":13}}},"2":{"name":"(anonymous_2)","line":19,"loc":{"start":{"line":19,"column":5},"end":{"line":19,"column":17}}},"3":{"name":"(anonymous_3)","line":23,"loc":{"start":{"line":23,"column":24},"end":{"line":23,"column":36}}}},"statementMap":{"1":{"start":{"line":12,"column":0},"end":{"line":53,"column":5}},"2":{"start":{"line":14,"column":4},"end":{"line":14,"column":14}},"3":{"start":{"line":19,"column":4},"end":{"line":52,"column":9}},"4":{"start":{"line":21,"column":8},"end":{"line":21,"column":19}},"5":{"start":{"line":23,"column":8},"end":{"line":35,"column":13}},"6":{"start":{"line":24,"column":12},"end":{"line":34,"column":13}},"7":{"start":{"line":25,"column":16},"end":{"line":28,"column":30}},"8":{"start":{"line":30,"column":16},"end":{"line":33,"column":27}},"9":{"start":{"line":37,"column":8},"end":{"line":39,"column":21}},"10":{"start":{"line":41,"column":8},"end":{"line":41,"column":54}},"11":{"start":{"line":43,"column":8},"end":{"line":43,"column":58}},"12":{"start":{"line":45,"column":8},"end":{"line":51,"column":9}},"13":{"start":{"line":46,"column":12},"end":{"line":46,"column":64}},"14":{"start":{"line":48,"column":12},"end":{"line":48,"column":35}},"15":{"start":{"line":49,"column":12},"end":{"line":49,"column":49}},"16":{"start":{"line":50,"column":12},"end":{"line":50,"column":43}}},"branchMap":{"1":{"line":25,"type":"binary-expr","locations":[{"start":{"line":25,"column":23},"end":{"line":25,"column":62}},{"start":{"line":26,"column":20},"end":{"line":26,"column":70}},{"start":{"line":27,"column":20},"end":{"line":27,"column":71}},{"start":{"line":28,"column":20},"end":{"line":28,"column":29}}]},"2":{"line":30,"type":"binary-expr","locations":[{"start":{"line":30,"column":23},"end":{"line":30,"column":37}},{"start":{"line":31,"column":20},"end":{"line":31,"column":61}},{"start":{"line":32,"column":20},"end":{"line":32,"column":70}},{"start":{"line":33,"column":20},"end":{"line":33,"column":26}}]},"3":{"line":37,"type":"cond-expr","locations":[{"start":{"line":38,"column":14},"end":{"line":38,"column":20}},{"start":{"line":39,"column":14},"end":{"line":39,"column":20}}]},"4":{"line":41,"type":"binary-expr","locations":[{"start":{"line":41,"column":16},"end":{"line":41,"column":44}},{"start":{"line":41,"column":48},"end":{"line":41,"column":53}}]},"5":{"line":45,"type":"if","locations":[{"start":{"line":45,"column":8},"end":{"line":45,"column":8}},{"start":{"line":45,"column":8},"end":{"line":45,"column":8}}]}},"code":["/* istanbul instrument in package npmtest_google_sheets */","/*jslint","    bitwise: true,","    browser: true,","    maxerr: 8,","    maxlen: 96,","    node: true,","    nomen: true,","    regexp: true,","    stupid: true","*/","(function () {","    'use strict';","    var local;","","","","    // run shared js-env code - pre-init","    (function () {","        // init local","        local = {};","        // init modeJs","        local.modeJs = (function () {","            try {","                return typeof navigator.userAgent === 'string' &&","                    typeof document.querySelector('body') === 'object' &&","                    typeof XMLHttpRequest.prototype.open === 'function' &&","                    'browser';","            } catch (errorCaughtBrowser) {","                return module.exports &&","                    typeof process.versions.node === 'string' &&","                    typeof require('http').createServer === 'function' &&","                    'node';","            }","        }());","        // init global","        local.global = local.modeJs === 'browser'","            ? window","            : global;","        // init utility2_rollup","        local = local.global.utility2_rollup || local;","        // init lib","        local.local = local.npmtest_google_sheets = local;","        // init exports","        if (local.modeJs === 'browser') {","            local.global.utility2_npmtest_google_sheets = local;","        } else {","            module.exports = local;","            module.exports.__dirname = __dirname;","            module.exports.module = module;","        }","    }());","}());",""],"l":{"12":2,"14":2,"19":2,"21":2,"23":2,"24":2,"25":2,"30":1,"37":2,"41":2,"43":2,"45":2,"46":1,"48":1,"49":1,"50":1}},"/home/travis/build/npmtest/node-npmtest-google-sheets/example.js":{"path":"/home/travis/build/npmtest/node-npmtest-google-sheets/example.js","s":{"1":2,"2":2,"3":2,"4":2,"5":2,"6":2,"7":2,"8":1,"9":2,"10":2,"11":2,"12":2,"13":1,"14":2,"15":2,"16":2,"17":2,"18":2,"19":0,"20":2,"21":1,"22":1,"23":1,"24":1,"25":1,"26":0,"27":0,"28":1,"29":1,"30":2,"31":0,"32":0,"33":0,"34":1,"35":2,"36":2,"37":3,"38":3,"39":3,"40":3,"41":0,"42":3,"43":3,"44":3,"45":1,"46":3,"47":1,"48":1,"49":1,"50":1,"51":1,"52":1,"53":1,"54":1,"55":1,"56":1,"57":0,"58":1,"59":6,"60":6,"61":1,"62":2,"63":0,"64":2,"65":1,"66":1,"67":0,"68":0,"69":0,"70":0,"71":0,"72":0,"73":0,"74":0,"75":0,"76":0,"77":0,"78":0,"79":0,"80":0,"81":0,"82":0,"83":0},"b":{"1":[2,1,1,1],"2":[1,1,1,1],"3":[1,1],"4":[2,2],"5":[1,1],"6":[1,1],"7":[2,0],"8":[2,1,1,1,1,1],"9":[0,2,0],"10":[1,1],"11":[2,1,1],"12":[1,0],"13":[0,2],"14":[2,0,0,0,0,0,0],"15":[0,3],"16":[3,0],"17":[1,1],"18":[0,1],"19":[1,2,0,2],"20":[1,0],"21":[1,1],"22":[0,0],"23":[0,0],"24":[0,0],"25":[0,0],"26":[0,0],"27":[0,0],"28":[0,0]},"f":{"1":2,"2":2,"3":2,"4":2,"5":2,"6":2,"7":3,"8":3,"9":3,"10":1,"11":6,"12":0},"fnMap":{"1":{"name":"(anonymous_1)","line":26,"loc":{"start":{"line":26,"column":1},"end":{"line":26,"column":13}}},"2":{"name":"(anonymous_2)","line":33,"loc":{"start":{"line":33,"column":5},"end":{"line":33,"column":17}}},"3":{"name":"(anonymous_3)","line":37,"loc":{"start":{"line":37,"column":24},"end":{"line":37,"column":36}}},"4":{"name":"(anonymous_4)","line":69,"loc":{"start":{"line":69,"column":31},"end":{"line":69,"column":48}},"skip":true},"5":{"name":"(anonymous_5)","line":78,"loc":{"start":{"line":78,"column":26},"end":{"line":78,"column":45}},"skip":true},"6":{"name":"(anonymous_6)","line":123,"loc":{"start":{"line":123,"column":33},"end":{"line":123,"column":48}},"skip":true},"7":{"name":"(anonymous_7)","line":125,"loc":{"start":{"line":125,"column":27},"end":{"line":125,"column":39}},"skip":true},"8":{"name":"(anonymous_8)","line":133,"loc":{"start":{"line":133,"column":59},"end":{"line":133,"column":74}},"skip":true},"9":{"name":"(anonymous_9)","line":143,"loc":{"start":{"line":143,"column":45},"end":{"line":143,"column":62}},"skip":true},"10":{"name":"(anonymous_10)","line":144,"loc":{"start":{"line":144,"column":73},"end":{"line":144,"column":92}},"skip":true},"11":{"name":"(anonymous_11)","line":272,"loc":{"start":{"line":272,"column":51},"end":{"line":272,"column":77}},"skip":true},"12":{"name":"(anonymous_12)","line":315,"loc":{"start":{"line":315,"column":32},"end":{"line":315,"column":61}},"skip":true}},"statementMap":{"1":{"start":{"line":26,"column":0},"end":{"line":326,"column":5}},"2":{"start":{"line":28,"column":4},"end":{"line":28,"column":14}},"3":{"start":{"line":33,"column":4},"end":{"line":60,"column":9}},"4":{"start":{"line":35,"column":8},"end":{"line":35,"column":19}},"5":{"start":{"line":37,"column":8},"end":{"line":49,"column":13}},"6":{"start":{"line":38,"column":12},"end":{"line":48,"column":13}},"7":{"start":{"line":39,"column":16},"end":{"line":42,"column":30}},"8":{"start":{"line":44,"column":16},"end":{"line":47,"column":27}},"9":{"start":{"line":51,"column":8},"end":{"line":53,"column":21}},"10":{"start":{"line":55,"column":8},"end":{"line":57,"column":45}},"11":{"start":{"line":59,"column":8},"end":{"line":59,"column":35}},"12":{"start":{"line":61,"column":4},"end":{"line":325,"column":5}},"13":{"start":{"line":69,"column":8},"end":{"line":121,"column":10},"skip":true},"14":{"start":{"line":70,"column":12},"end":{"line":88,"column":13},"skip":true},"15":{"start":{"line":76,"column":16},"end":{"line":87,"column":19},"skip":true},"16":{"start":{"line":79,"column":20},"end":{"line":86,"column":21},"skip":true},"17":{"start":{"line":82,"column":24},"end":{"line":82,"column":43},"skip":true},"18":{"start":{"line":83,"column":24},"end":{"line":83,"column":30},"skip":true},"19":{"start":{"line":85,"column":24},"end":{"line":85,"column":49},"skip":true},"20":{"start":{"line":89,"column":12},"end":{"line":107,"column":13},"skip":true},"21":{"start":{"line":92,"column":16},"end":{"line":102,"column":17},"skip":true},"22":{"start":{"line":93,"column":20},"end":{"line":93,"column":86},"skip":true},"23":{"start":{"line":94,"column":20},"end":{"line":95,"column":45},"skip":true},"24":{"start":{"line":96,"column":20},"end":{"line":96,"column":42},"skip":true},"25":{"start":{"line":97,"column":20},"end":{"line":97,"column":48},"skip":true},"26":{"start":{"line":100,"column":20},"end":{"line":100,"column":85},"skip":true},"27":{"start":{"line":101,"column":20},"end":{"line":101,"column":96},"skip":true},"28":{"start":{"line":103,"column":16},"end":{"line":103,"column":22},"skip":true},"29":{"start":{"line":106,"column":16},"end":{"line":106,"column":22},"skip":true},"30":{"start":{"line":108,"column":12},"end":{"line":120,"column":13},"skip":true},"31":{"start":{"line":114,"column":16},"end":{"line":119,"column":17},"skip":true},"32":{"start":{"line":116,"column":20},"end":{"line":116,"column":78},"skip":true},"33":{"start":{"line":118,"column":20},"end":{"line":118,"column":47},"skip":true},"34":{"start":{"line":123,"column":8},"end":{"line":141,"column":11},"skip":true},"35":{"start":{"line":124,"column":12},"end":{"line":124,"column":54},"skip":true},"36":{"start":{"line":125,"column":12},"end":{"line":140,"column":14},"skip":true},"37":{"start":{"line":126,"column":16},"end":{"line":126,"column":28},"skip":true},"38":{"start":{"line":127,"column":16},"end":{"line":127,"column":69},"skip":true},"39":{"start":{"line":128,"column":16},"end":{"line":128,"column":75},"skip":true},"40":{"start":{"line":129,"column":16},"end":{"line":131,"column":17},"skip":true},"41":{"start":{"line":130,"column":20},"end":{"line":130,"column":27},"skip":true},"42":{"start":{"line":133,"column":16},"end":{"line":137,"column":36},"skip":true},"43":{"start":{"line":134,"column":20},"end":{"line":136,"column":55},"skip":true},"44":{"start":{"line":139,"column":16},"end":{"line":139,"column":57},"skip":true},"45":{"start":{"line":143,"column":8},"end":{"line":147,"column":11},"skip":true},"46":{"start":{"line":144,"column":12},"end":{"line":146,"column":15},"skip":true},"47":{"start":{"line":145,"column":16},"end":{"line":145,"column":70},"skip":true},"48":{"start":{"line":149,"column":8},"end":{"line":149,"column":31},"skip":true},"49":{"start":{"line":150,"column":8},"end":{"line":150,"column":14},"skip":true},"50":{"start":{"line":158,"column":8},"end":{"line":158,"column":31},"skip":true},"51":{"start":{"line":160,"column":8},"end":{"line":160,"column":33},"skip":true},"52":{"start":{"line":161,"column":8},"end":{"line":161,"column":37},"skip":true},"53":{"start":{"line":162,"column":8},"end":{"line":162,"column":35},"skip":true},"54":{"start":{"line":164,"column":8},"end":{"line":164,"column":50},"skip":true},"55":{"start":{"line":166,"column":8},"end":{"line":256,"column":2},"skip":true},"56":{"start":{"line":258,"column":8},"end":{"line":286,"column":9},"skip":true},"57":{"start":{"line":259,"column":12},"end":{"line":269,"column":14},"skip":true},"58":{"start":{"line":271,"column":12},"end":{"line":285,"column":19},"skip":true},"59":{"start":{"line":274,"column":20},"end":{"line":274,"column":35},"skip":true},"60":{"start":{"line":275,"column":20},"end":{"line":284,"column":21},"skip":true},"61":{"start":{"line":277,"column":24},"end":{"line":277,"column":64},"skip":true},"62":{"start":{"line":279,"column":24},"end":{"line":279,"column":40},"skip":true},"63":{"start":{"line":281,"column":24},"end":{"line":281,"column":40},"skip":true},"64":{"start":{"line":283,"column":24},"end":{"line":283,"column":39},"skip":true},"65":{"start":{"line":288,"column":8},"end":{"line":290,"column":9},"skip":true},"66":{"start":{"line":289,"column":12},"end":{"line":289,"column":18},"skip":true},"67":{"start":{"line":291,"column":8},"end":{"line":293,"column":54},"skip":true},"68":{"start":{"line":296,"column":8},"end":{"line":301,"column":37},"skip":true},"69":{"start":{"line":303,"column":8},"end":{"line":303,"column":82},"skip":true},"70":{"start":{"line":306,"column":8},"end":{"line":308,"column":9},"skip":true},"71":{"start":{"line":307,"column":12},"end":{"line":307,"column":82},"skip":true},"72":{"start":{"line":310,"column":8},"end":{"line":312,"column":9},"skip":true},"73":{"start":{"line":311,"column":12},"end":{"line":311,"column":18},"skip":true},"74":{"start":{"line":313,"column":8},"end":{"line":313,"column":54},"skip":true},"75":{"start":{"line":314,"column":8},"end":{"line":314,"column":69},"skip":true},"76":{"start":{"line":315,"column":8},"end":{"line":323,"column":36},"skip":true},"77":{"start":{"line":316,"column":12},"end":{"line":316,"column":61},"skip":true},"78":{"start":{"line":317,"column":12},"end":{"line":320,"column":13},"skip":true},"79":{"start":{"line":318,"column":16},"end":{"line":318,"column":75},"skip":true},"80":{"start":{"line":319,"column":16},"end":{"line":319,"column":23},"skip":true},"81":{"start":{"line":321,"column":12},"end":{"line":321,"column":38},"skip":true},"82":{"start":{"line":322,"column":12},"end":{"line":322,"column":27},"skip":true},"83":{"start":{"line":324,"column":8},"end":{"line":324,"column":14},"skip":true}},"branchMap":{"1":{"line":39,"type":"binary-expr","locations":[{"start":{"line":39,"column":23},"end":{"line":39,"column":62}},{"start":{"line":40,"column":20},"end":{"line":40,"column":70}},{"start":{"line":41,"column":20},"end":{"line":41,"column":71}},{"start":{"line":42,"column":20},"end":{"line":42,"column":29}}]},"2":{"line":44,"type":"binary-expr","locations":[{"start":{"line":44,"column":23},"end":{"line":44,"column":37}},{"start":{"line":45,"column":20},"end":{"line":45,"column":61}},{"start":{"line":46,"column":20},"end":{"line":46,"column":70}},{"start":{"line":47,"column":20},"end":{"line":47,"column":26}}]},"3":{"line":51,"type":"cond-expr","locations":[{"start":{"line":52,"column":14},"end":{"line":52,"column":20}},{"start":{"line":53,"column":14},"end":{"line":53,"column":20}}]},"4":{"line":55,"type":"binary-expr","locations":[{"start":{"line":55,"column":16},"end":{"line":55,"column":44}},{"start":{"line":55,"column":49},"end":{"line":57,"column":43}}]},"5":{"line":55,"type":"cond-expr","locations":[{"start":{"line":56,"column":14},"end":{"line":56,"column":57}},{"start":{"line":57,"column":14},"end":{"line":57,"column":43}}]},"6":{"line":61,"type":"switch","locations":[{"start":{"line":68,"column":4},"end":{"line":150,"column":14},"skip":true},{"start":{"line":156,"column":4},"end":{"line":324,"column":14},"skip":true}]},"7":{"line":70,"type":"if","locations":[{"start":{"line":70,"column":12},"end":{"line":70,"column":12},"skip":true},{"start":{"line":70,"column":12},"end":{"line":70,"column":12},"skip":true}]},"8":{"line":70,"type":"binary-expr","locations":[{"start":{"line":70,"column":16},"end":{"line":70,"column":22},"skip":true},{"start":{"line":70,"column":27},"end":{"line":70,"column":32},"skip":true},{"start":{"line":71,"column":20},"end":{"line":71,"column":39},"skip":true},{"start":{"line":72,"column":20},"end":{"line":72,"column":49},"skip":true},{"start":{"line":73,"column":20},"end":{"line":73,"column":58},"skip":true},{"start":{"line":74,"column":20},"end":{"line":74,"column":69},"skip":true}]},"9":{"line":79,"type":"switch","locations":[{"start":{"line":80,"column":20},"end":{"line":80,"column":33},"skip":true},{"start":{"line":81,"column":20},"end":{"line":83,"column":30},"skip":true},{"start":{"line":84,"column":20},"end":{"line":85,"column":49},"skip":true}]},"10":{"line":89,"type":"switch","locations":[{"start":{"line":90,"column":12},"end":{"line":103,"column":22},"skip":true},{"start":{"line":105,"column":12},"end":{"line":106,"column":22},"skip":true}]},"11":{"line":89,"type":"binary-expr","locations":[{"start":{"line":89,"column":20},"end":{"line":89,"column":25},"skip":true},{"start":{"line":89,"column":29},"end":{"line":89,"column":48},"skip":true},{"start":{"line":89,"column":52},"end":{"line":89,"column":74},"skip":true}]},"12":{"line":92,"type":"if","locations":[{"start":{"line":92,"column":16},"end":{"line":92,"column":16},"skip":true},{"start":{"line":92,"column":16},"end":{"line":92,"column":16},"skip":true}]},"13":{"line":108,"type":"if","locations":[{"start":{"line":108,"column":12},"end":{"line":108,"column":12},"skip":true},{"start":{"line":108,"column":12},"end":{"line":108,"column":12},"skip":true}]},"14":{"line":108,"type":"binary-expr","locations":[{"start":{"line":108,"column":16},"end":{"line":108,"column":61},"skip":true},{"start":{"line":108,"column":66},"end":{"line":108,"column":72},"skip":true},{"start":{"line":108,"column":77},"end":{"line":108,"column":82},"skip":true},{"start":{"line":109,"column":20},"end":{"line":109,"column":39},"skip":true},{"start":{"line":110,"column":20},"end":{"line":110,"column":49},"skip":true},{"start":{"line":111,"column":20},"end":{"line":111,"column":58},"skip":true},{"start":{"line":112,"column":20},"end":{"line":112,"column":68},"skip":true}]},"15":{"line":129,"type":"if","locations":[{"start":{"line":129,"column":16},"end":{"line":129,"column":16},"skip":true},{"start":{"line":129,"column":16},"end":{"line":129,"column":16},"skip":true}]},"16":{"line":134,"type":"cond-expr","locations":[{"start":{"line":135,"column":26},"end":{"line":135,"column":29},"skip":true},{"start":{"line":136,"column":26},"end":{"line":136,"column":54},"skip":true}]},"17":{"line":164,"type":"binary-expr","locations":[{"start":{"line":164,"column":27},"end":{"line":164,"column":43},"skip":true},{"start":{"line":164,"column":47},"end":{"line":164,"column":49},"skip":true}]},"18":{"line":258,"type":"if","locations":[{"start":{"line":258,"column":8},"end":{"line":258,"column":8},"skip":true},{"start":{"line":258,"column":8},"end":{"line":258,"column":8},"skip":true}]},"19":{"line":275,"type":"switch","locations":[{"start":{"line":276,"column":20},"end":{"line":277,"column":64},"skip":true},{"start":{"line":278,"column":20},"end":{"line":279,"column":40},"skip":true},{"start":{"line":280,"column":20},"end":{"line":281,"column":40},"skip":true},{"start":{"line":282,"column":20},"end":{"line":283,"column":39},"skip":true}]},"20":{"line":288,"type":"if","locations":[{"start":{"line":288,"column":8},"end":{"line":288,"column":8},"skip":true},{"start":{"line":288,"column":8},"end":{"line":288,"column":8},"skip":true}]},"21":{"line":288,"type":"binary-expr","locations":[{"start":{"line":288,"column":12},"end":{"line":288,"column":40},"skip":true},{"start":{"line":288,"column":44},"end":{"line":288,"column":67},"skip":true}]},"22":{"line":292,"type":"binary-expr","locations":[{"start":{"line":292,"column":12},"end":{"line":292,"column":50},"skip":true},{"start":{"line":293,"column":12},"end":{"line":293,"column":53},"skip":true}]},"23":{"line":297,"type":"binary-expr","locations":[{"start":{"line":297,"column":12},"end":{"line":297,"column":71},"skip":true},{"start":{"line":298,"column":12},"end":{"line":301,"column":36},"skip":true}]},"24":{"line":303,"type":"binary-expr","locations":[{"start":{"line":303,"column":43},"end":{"line":303,"column":75},"skip":true},{"start":{"line":303,"column":79},"end":{"line":303,"column":81},"skip":true}]},"25":{"line":306,"type":"if","locations":[{"start":{"line":306,"column":8},"end":{"line":306,"column":8},"skip":true},{"start":{"line":306,"column":8},"end":{"line":306,"column":8},"skip":true}]},"26":{"line":310,"type":"if","locations":[{"start":{"line":310,"column":8},"end":{"line":310,"column":8},"skip":true},{"start":{"line":310,"column":8},"end":{"line":310,"column":8},"skip":true}]},"27":{"line":313,"type":"binary-expr","locations":[{"start":{"line":313,"column":27},"end":{"line":313,"column":43},"skip":true},{"start":{"line":313,"column":47},"end":{"line":313,"column":53},"skip":true}]},"28":{"line":317,"type":"if","locations":[{"start":{"line":317,"column":12},"end":{"line":317,"column":12},"skip":true},{"start":{"line":317,"column":12},"end":{"line":317,"column":12},"skip":true}]}},"code":["/*","example.js","","quickstart example","","instruction","    1. save this script as example.js","    2. run the shell command:","        $ npm install npmtest-google-sheets && PORT=8081 node example.js","    3. play with the browser-demo on http://127.0.0.1:8081","*/","","","","/* istanbul instrument in package npmtest_google_sheets */","/*jslint","    bitwise: true,","    browser: true,","    maxerr: 8,","    maxlen: 96,","    node: true,","    nomen: true,","    regexp: true,","    stupid: true","*/","(function () {","    'use strict';","    var local;","","","","    // run shared js-env code - pre-init","    (function () {","        // init local","        local = {};","        // init modeJs","        local.modeJs = (function () {","            try {","                return typeof navigator.userAgent === 'string' &&","                    typeof document.querySelector('body') === 'object' &&","                    typeof XMLHttpRequest.prototype.open === 'function' &&","                    'browser';","            } catch (errorCaughtBrowser) {","                return module.exports &&","                    typeof process.versions.node === 'string' &&","                    typeof require('http').createServer === 'function' &&","                    'node';","            }","        }());","        // init global","        local.global = local.modeJs === 'browser'","            ? window","            : global;","        // init utility2_rollup","        local = local.global.utility2_rollup || (local.modeJs === 'browser'","            ? local.global.utility2_npmtest_google_sheets","            : global.utility2_moduleExports);","        // export local","        local.global.local = local;","    }());","    switch (local.modeJs) {","","","","    // post-init","    // run browser js-env code - post-init","    /* istanbul ignore next */","    case 'browser':","        local.testRunBrowser = function (event) {","            if (!event || (event &&","                    event.currentTarget &&","                    event.currentTarget.className &&","                    event.currentTarget.className.includes &&","                    event.currentTarget.className.includes('onreset'))) {","                // reset output","                Array.from(","                    document.querySelectorAll('body > .resettable')","                ).forEach(function (element) {","                    switch (element.tagName) {","                    case 'INPUT':","                    case 'TEXTAREA':","                        element.value = '';","                        break;","                    default:","                        element.textContent = '';","                    }","                });","            }","            switch (event && event.currentTarget && event.currentTarget.id) {","            case 'testRunButton1':","                // show tests","                if (document.querySelector('#testReportDiv1').style.display === 'none') {","                    document.querySelector('#testReportDiv1').style.display = 'block';","                    document.querySelector('#testRunButton1').textContent =","                        'hide internal test';","                    local.modeTest = true;","                    local.testRunDefault(local);","                // hide tests","                } else {","                    document.querySelector('#testReportDiv1').style.display = 'none';","                    document.querySelector('#testRunButton1').textContent = 'run internal test';","                }","                break;","            // custom-case","            default:","                break;","            }","            if (document.querySelector('#inputTextareaEval1') && (!event || (event &&","                    event.currentTarget &&","                    event.currentTarget.className &&","                    event.currentTarget.className.includes &&","                    event.currentTarget.className.includes('oneval')))) {","                // try to eval input-code","                try {","                    /*jslint evil: true*/","                    eval(document.querySelector('#inputTextareaEval1').value);","                } catch (errorCaught) {","                    console.error(errorCaught);","                }","            }","        };","        // log stderr and stdout to #outputTextareaStdout1","        ['error', 'log'].forEach(function (key) {","            console[key + '_original'] = console[key];","            console[key] = function () {","                var element;","                console[key + '_original'].apply(console, arguments);","                element = document.querySelector('#outputTextareaStdout1');","                if (!element) {","                    return;","                }","                // append text to #outputTextareaStdout1","                element.value += Array.from(arguments).map(function (arg) {","                    return typeof arg === 'string'","                        ? arg","                        : JSON.stringify(arg, null, 4);","                }).join(' ') + '\\n';","                // scroll textarea to bottom","                element.scrollTop = element.scrollHeight;","            };","        });","        // init event-handling","        ['change', 'click', 'keyup'].forEach(function (event) {","            Array.from(document.querySelectorAll('.on' + event)).forEach(function (element) {","                element.addEventListener(event, local.testRunBrowser);","            });","        });","        // run tests","        local.testRunBrowser();","        break;","","","","    // run node js-env code - post-init","    /* istanbul ignore next */","    case 'node':","        // export local","        module.exports = local;","        // require modules","        local.fs = require('fs');","        local.http = require('http');","        local.url = require('url');","        // init assets","        local.assetsDict = local.assetsDict || {};","        /* jslint-ignore-begin */","        local.assetsDict['/assets.index.template.html'] = '\\","<!doctype html>\\n\\","<html lang=\"en\">\\n\\","<head>\\n\\","<meta charset=\"UTF-8\">\\n\\","<meta name=\"viewport\" content=\"width=device-width, initial-scale=1\">\\n\\","<title>{{env.npm_package_name}} (v{{env.npm_package_version}})</title>\\n\\","<style>\\n\\","/*csslint\\n\\","    box-sizing: false,\\n\\","    universal-selector: false\\n\\","*/\\n\\","* {\\n\\","    box-sizing: border-box;\\n\\","}\\n\\","body {\\n\\","    background: #dde;\\n\\","    font-family: Arial, Helvetica, sans-serif;\\n\\","    margin: 2rem;\\n\\","}\\n\\","body > * {\\n\\","    margin-bottom: 1rem;\\n\\","}\\n\\",".utility2FooterDiv {\\n\\","    margin-top: 20px;\\n\\","    text-align: center;\\n\\","}\\n\\","</style>\\n\\","<style>\\n\\","/*csslint\\n\\","*/\\n\\","textarea {\\n\\","    font-family: monospace;\\n\\","    height: 10rem;\\n\\","    width: 100%;\\n\\","}\\n\\","textarea[readonly] {\\n\\","    background: #ddd;\\n\\","}\\n\\","</style>\\n\\","</head>\\n\\","<body>\\n\\","<!-- utility2-comment\\n\\","<div id=\"ajaxProgressDiv1\" style=\"background: #d00; height: 2px; left: 0; margin: 0; padding: 0; position: fixed; top: 0; transition: background 0.5s, width 1.5s; width: 25%;\"></div>\\n\\","utility2-comment -->\\n\\","<h1>\\n\\","<!-- utility2-comment\\n\\","    <a\\n\\","        {{#if env.npm_package_homepage}}\\n\\","        href=\"{{env.npm_package_homepage}}\"\\n\\","        {{/if env.npm_package_homepage}}\\n\\","        target=\"_blank\"\\n\\","    >\\n\\","utility2-comment -->\\n\\","        {{env.npm_package_name}} (v{{env.npm_package_version}})\\n\\","<!-- utility2-comment\\n\\","    </a>\\n\\","utility2-comment -->\\n\\","</h1>\\n\\","<h3>{{env.npm_package_description}}</h3>\\n\\","<!-- utility2-comment\\n\\","<h4><a download href=\"assets.app.js\">download standalone app</a></h4>\\n\\","<button class=\"onclick onreset\" id=\"testRunButton1\">run internal test</button><br>\\n\\","<div id=\"testReportDiv1\" style=\"display: none;\"></div>\\n\\","utility2-comment -->\\n\\","\\n\\","\\n\\","\\n\\","<label>stderr and stdout</label>\\n\\","<textarea class=\"resettable\" id=\"outputTextareaStdout1\" readonly></textarea>\\n\\","<!-- utility2-comment\\n\\","{{#if isRollup}}\\n\\","<script src=\"assets.app.js\"></script>\\n\\","{{#unless isRollup}}\\n\\","utility2-comment -->\\n\\","<script src=\"assets.utility2.rollup.js\"></script>\\n\\","<script src=\"jsonp.utility2._stateInit?callback=window.utility2._stateInit\"></script>\\n\\","<script src=\"assets.npmtest_google_sheets.rollup.js\"></script>\\n\\","<script src=\"assets.example.js\"></script>\\n\\","<script src=\"assets.test.js\"></script>\\n\\","<!-- utility2-comment\\n\\","{{/if isRollup}}\\n\\","utility2-comment -->\\n\\","<div class=\"utility2FooterDiv\">\\n\\","    [ this app was created with\\n\\","    <a href=\"https://github.com/kaizhu256/node-utility2\" target=\"_blank\">utility2</a>\\n\\","    ]\\n\\","</div>\\n\\","</body>\\n\\","</html>\\n\\","';","        /* jslint-ignore-end */","        if (local.templateRender) {","            local.assetsDict['/'] = local.templateRender(","                local.assetsDict['/assets.index.template.html'],","                {","                    env: local.objectSetDefault(local.env, {","                        npm_package_description: 'the greatest app in the world!',","                        npm_package_name: 'my-app',","                        npm_package_nameAlias: 'my_app',","                        npm_package_version: '0.0.1'","                    })","                }","            );","        } else {","            local.assetsDict['/'] = local.assetsDict['/assets.index.template.html']","                .replace((/\\{\\{env\\.(\\w+?)\\}\\}/g), function (match0, match1) {","                    // jslint-hack","                    String(match0);","                    switch (match1) {","                    case 'npm_package_description':","                        return 'the greatest app in the world!';","                    case 'npm_package_name':","                        return 'my-app';","                    case 'npm_package_nameAlias':","                        return 'my_app';","                    case 'npm_package_version':","                        return '0.0.1';","                    }","                });","        }","        // run the cli","        if (local.global.utility2_rollup || module !== require.main) {","            break;","        }","        local.assetsDict['/assets.example.js'] =","            local.assetsDict['/assets.example.js'] ||","            local.fs.readFileSync(__filename, 'utf8');","        // bug-workaround - long $npm_package_buildCustomOrg","        /* jslint-ignore-begin */","        local.assetsDict['/assets.npmtest_google_sheets.rollup.js'] =","            local.assetsDict['/assets.npmtest_google_sheets.rollup.js'] ||","            local.fs.readFileSync(","                local.npmtest_google_sheets.__dirname + '/lib.npmtest_google_sheets.js',","                'utf8'","            ).replace((/^#!/), '//');","        /* jslint-ignore-end */","        local.assetsDict['/favicon.ico'] = local.assetsDict['/favicon.ico'] || '';","        // if $npm_config_timeout_exit exists,","        // then exit this process after $npm_config_timeout_exit ms","        if (Number(process.env.npm_config_timeout_exit)) {","            setTimeout(process.exit, Number(process.env.npm_config_timeout_exit));","        }","        // start server","        if (local.global.utility2_serverHttp1) {","            break;","        }","        process.env.PORT = process.env.PORT || '8081';","        console.error('server starting on port ' + process.env.PORT);","        local.http.createServer(function (request, response) {","            request.urlParsed = local.url.parse(request.url);","            if (local.assetsDict[request.urlParsed.pathname] !== undefined) {","                response.end(local.assetsDict[request.urlParsed.pathname]);","                return;","            }","            response.statusCode = 404;","            response.end();","        }).listen(process.env.PORT);","        break;","    }","}());",""],"l":{"26":2,"28":2,"33":2,"35":2,"37":2,"38":2,"39":2,"44":1,"51":2,"55":2,"59":2,"61":2,"69":1,"70":2,"76":2,"79":2,"82":2,"83":2,"85":1,"89":2,"92":1,"93":1,"94":1,"96":1,"97":1,"100":1,"101":1,"103":1,"106":1,"108":2,"114":1,"116":1,"118":1,"123":1,"124":2,"125":2,"126":3,"127":3,"128":3,"129":3,"130":1,"133":3,"134":3,"139":3,"143":1,"144":3,"145":1,"149":1,"150":1,"158":1,"160":1,"161":1,"162":1,"164":1,"166":1,"258":1,"259":1,"271":1,"274":6,"275":6,"277":1,"279":2,"281":1,"283":2,"288":1,"289":1,"291":1,"296":1,"303":1,"306":1,"307":1,"310":1,"311":1,"313":1,"314":1,"315":1,"316":1,"317":1,"318":1,"319":1,"321":1,"322":1,"324":1}},"/home/travis/build/npmtest/node-npmtest-google-sheets/node_modules/google-sheets/index.js":{"path":"/home/travis/build/npmtest/node-npmtest-google-sheets/node_modules/google-sheets/index.js","s":{"1":1},"b":{},"f":{},"fnMap":{},"statementMap":{"1":{"start":{"line":3,"column":0},"end":{"line":3,"column":40}}},"branchMap":{},"code":["// This file is just added for convenience so this repository can be","// directly checked out into a project's deps folder","module.exports = require('./lib/index');"],"l":{"3":1}},"/home/travis/build/npmtest/node-npmtest-google-sheets/node_modules/google-sheets/lib/index.js":{"path":"/home/travis/build/npmtest/node-npmtest-google-sheets/node_modules/google-sheets/lib/index.js","s":{"1":1,"2":1,"3":0,"4":0,"5":0,"6":0,"7":0,"8":0,"9":0,"10":0,"11":0,"12":0,"13":0,"14":0,"15":0,"16":0,"17":0,"18":0,"19":0,"20":0,"21":0,"22":0,"23":0,"24":0,"25":0,"26":0,"27":0,"28":0,"29":0,"30":0,"31":0,"32":0,"33":0,"34":0,"35":0,"36":0,"37":0,"38":0,"39":0,"40":0},"b":{"1":[0,0],"2":[0,0],"3":[0,0,0,0],"4":[0,0],"5":[0,0],"6":[0,0],"7":[0,0],"8":[0,0],"9":[0,0],"10":[0,0],"11":[0,0]},"f":{"1":0,"2":0,"3":0,"4":0,"5":0,"6":0,"7":0,"8":0,"9":0,"10":0,"11":0},"fnMap":{"1":{"name":"(anonymous_1)","line":19,"loc":{"start":{"line":19,"column":7},"end":{"line":19,"column":34}}},"2":{"name":"(anonymous_2)","line":20,"loc":{"start":{"line":20,"column":20},"end":{"line":20,"column":41}}},"3":{"name":"(anonymous_3)","line":28,"loc":{"start":{"line":28,"column":9},"end":{"line":28,"column":20}}},"4":{"name":"(anonymous_4)","line":31,"loc":{"start":{"line":31,"column":13},"end":{"line":31,"column":29}}},"5":{"name":"(anonymous_5)","line":51,"loc":{"start":{"line":51,"column":7},"end":{"line":51,"column":26}}},"6":{"name":"(anonymous_6)","line":61,"loc":{"start":{"line":61,"column":5},"end":{"line":61,"column":27}}},"7":{"name":"(anonymous_7)","line":75,"loc":{"start":{"line":75,"column":8},"end":{"line":75,"column":36}}},"8":{"name":"(anonymous_8)","line":83,"loc":{"start":{"line":83,"column":5},"end":{"line":83,"column":37}}},"9":{"name":"(anonymous_9)","line":92,"loc":{"start":{"line":92,"column":28},"end":{"line":92,"column":50}}},"10":{"name":"(anonymous_10)","line":98,"loc":{"start":{"line":98,"column":17},"end":{"line":98,"column":41}}},"11":{"name":"(anonymous_11)","line":107,"loc":{"start":{"line":107,"column":4},"end":{"line":107,"column":26}}}},"statementMap":{"1":{"start":{"line":1,"column":0},"end":{"line":9,"column":22}},"2":{"start":{"line":11,"column":0},"end":{"line":118,"column":2}},"3":{"start":{"line":20,"column":2},"end":{"line":26,"column":16}},"4":{"start":{"line":21,"column":3},"end":{"line":23,"column":4}},"5":{"start":{"line":22,"column":4},"end":{"line":22,"column":31}},"6":{"start":{"line":24,"column":3},"end":{"line":24,"column":23}},"7":{"start":{"line":25,"column":3},"end":{"line":25,"column":31}},"8":{"start":{"line":29,"column":2},"end":{"line":29,"column":21}},"9":{"start":{"line":32,"column":2},"end":{"line":40,"column":4}},"10":{"start":{"line":41,"column":2},"end":{"line":46,"column":3}},"11":{"start":{"line":42,"column":3},"end":{"line":43,"column":39}},"12":{"start":{"line":45,"column":3},"end":{"line":45,"column":35}},"13":{"start":{"line":47,"column":2},"end":{"line":47,"column":61}},"14":{"start":{"line":48,"column":2},"end":{"line":48,"column":45}},"15":{"start":{"line":52,"column":2},"end":{"line":52,"column":95}},"16":{"start":{"line":55,"column":2},"end":{"line":57,"column":3}},"17":{"start":{"line":56,"column":3},"end":{"line":56,"column":36}},"18":{"start":{"line":59,"column":2},"end":{"line":72,"column":5}},"19":{"start":{"line":62,"column":3},"end":{"line":64,"column":4}},"20":{"start":{"line":63,"column":4},"end":{"line":63,"column":25}},"21":{"start":{"line":65,"column":3},"end":{"line":65,"column":19}},"22":{"start":{"line":66,"column":3},"end":{"line":70,"column":4}},"23":{"start":{"line":67,"column":4},"end":{"line":68,"column":36}},"24":{"start":{"line":69,"column":4},"end":{"line":69,"column":23}},"25":{"start":{"line":71,"column":3},"end":{"line":71,"column":25}},"26":{"start":{"line":76,"column":2},"end":{"line":95,"column":5}},"27":{"start":{"line":84,"column":3},"end":{"line":86,"column":4}},"28":{"start":{"line":85,"column":4},"end":{"line":85,"column":27}},"29":{"start":{"line":87,"column":3},"end":{"line":91,"column":6}},"30":{"start":{"line":92,"column":3},"end":{"line":94,"column":6}},"31":{"start":{"line":93,"column":4},"end":{"line":93,"column":26}},"32":{"start":{"line":101,"column":2},"end":{"line":103,"column":3}},"33":{"start":{"line":102,"column":3},"end":{"line":102,"column":36}},"34":{"start":{"line":104,"column":2},"end":{"line":104,"column":58}},"35":{"start":{"line":105,"column":2},"end":{"line":116,"column":5}},"36":{"start":{"line":108,"column":3},"end":{"line":110,"column":4}},"37":{"start":{"line":109,"column":4},"end":{"line":109,"column":25}},"38":{"start":{"line":111,"column":3},"end":{"line":113,"column":4}},"39":{"start":{"line":112,"column":4},"end":{"line":112,"column":31}},"40":{"start":{"line":115,"column":3},"end":{"line":115,"column":49}}},"branchMap":{"1":{"line":21,"type":"if","locations":[{"start":{"line":21,"column":3},"end":{"line":21,"column":3}},{"start":{"line":21,"column":3},"end":{"line":21,"column":3}}]},"2":{"line":41,"type":"if","locations":[{"start":{"line":41,"column":2},"end":{"line":41,"column":2}},{"start":{"line":41,"column":2},"end":{"line":41,"column":2}}]},"3":{"line":41,"type":"binary-expr","locations":[{"start":{"line":41,"column":6},"end":{"line":41,"column":16}},{"start":{"line":41,"column":20},"end":{"line":41,"column":33}},{"start":{"line":41,"column":37},"end":{"line":41,"column":55}},{"start":{"line":41,"column":59},"end":{"line":41,"column":89}}]},"4":{"line":55,"type":"if","locations":[{"start":{"line":55,"column":2},"end":{"line":55,"column":2}},{"start":{"line":55,"column":2},"end":{"line":55,"column":2}}]},"5":{"line":62,"type":"if","locations":[{"start":{"line":62,"column":3},"end":{"line":62,"column":3}},{"start":{"line":62,"column":3},"end":{"line":62,"column":3}}]},"6":{"line":78,"type":"binary-expr","locations":[{"start":{"line":78,"column":11},"end":{"line":78,"column":25}},{"start":{"line":78,"column":29},"end":{"line":78,"column":34}}]},"7":{"line":79,"type":"binary-expr","locations":[{"start":{"line":79,"column":9},"end":{"line":79,"column":21}},{"start":{"line":79,"column":25},"end":{"line":79,"column":29}}]},"8":{"line":84,"type":"if","locations":[{"start":{"line":84,"column":3},"end":{"line":84,"column":3}},{"start":{"line":84,"column":3},"end":{"line":84,"column":3}}]},"9":{"line":101,"type":"if","locations":[{"start":{"line":101,"column":2},"end":{"line":101,"column":2}},{"start":{"line":101,"column":2},"end":{"line":101,"column":2}}]},"10":{"line":108,"type":"if","locations":[{"start":{"line":108,"column":3},"end":{"line":108,"column":3}},{"start":{"line":108,"column":3},"end":{"line":108,"column":3}}]},"11":{"line":111,"type":"if","locations":[{"start":{"line":111,"column":3},"end":{"line":111,"column":3}},{"start":{"line":111,"column":3},"end":{"line":111,"column":3}}]}},"code":["var Rows = require('./rows').Rows,","\tCells = require('./cells').Cells,","\tWorksheet = require('./worksheet').Worksheet,","\tSpreadsheet = require('./spreadsheet').Spreadsheet,","\tauthorize = require('./auth').authorize,","\tmakeUrl = require('./utils').makeUrl,","\trequest = require('request'),","\txml2js = require('xml2js'),","\turl = require('url');","","module.exports = {","\tauthId: null,","","\tWorksheet: Worksheet,","\tSpreadsheet: Spreadsheet,","\tRows: Rows,","\tCells: Cells,","","\tauth: function(params, callback) {","\t\tauthorize(params, function(err, value) {","\t\t\tif (err) {","\t\t\t\treturn callback(err,value);","\t\t\t}","\t\t\tthis.authId = value;","\t\t\tcallback(null, this.authId);","\t\t}.bind(this));","\t},","\tlogout: function() {","\t\tthis.authId = null;","\t},","\tparseSheet: function(entry) {","\t\tvar sheet = {","\t\t\tlastModified: entry.updated,","\t\t\turl: entry.id,","\t\t\tauthor: {","\t\t\t\tname: entry.author.name,","\t\t\t\temail: entry.author.email","\t\t\t},","\t\t\ttitle: entry.title._","\t\t};","\t\tif (entry.link && entry.link[1] && entry.link[1].href && entry.link[1].rel=='alternate') {","\t\t\tvar keyUrl = entry.link[1].href,","\t\t\t\tparsedUrl = url.parse(keyUrl,true);","","\t\t\tsheet.key = parsedUrl.query.key;","\t\t}","\t\tsheet.id = entry.id.substring(entry.id.lastIndexOf('/')+1);","\t\treturn new Spreadsheet(sheet, this.authId);","\t},","","\tlist: function(callback) {","\t\tvar listUrl = 'https://spreadsheets.google.com/feeds/spreadsheets/private/full', that = this;","","\t\t// do request for list of spreadsheets","\t\tif (!this.authId) {","\t\t\treturn callback('auth required');","\t\t}","","\t\tthis.query({","\t\t\turl: listUrl","\t\t}, function(err, result) {","\t\t\tif (err) {","\t\t\t\treturn callback(err);","\t\t\t}","\t\t\tvar sheets = [];","\t\t\tfor(var i=0; i < result.feed.entry.length; i++) {","\t\t\t\tvar entry = result.feed.entry[i],","\t\t\t\t\tsheet = that.parseSheet(entry);","\t\t\t\tsheets.push(sheet);","\t\t\t}","\t\t\tcallback(null,sheets);","\t\t});","\t},","","\tquery: function(options, callback) {","\t\trequest({","\t\t\turl: options.url,","\t\t\tmethod: options.method || 'GET',","\t\t\tbody: options.body || null,","\t\t\theaders: {","\t\t\t\t'Authorization': 'GoogleLogin auth=' + this.authId","\t\t\t}","\t\t}, function(error, response, body) {","\t\t\tif (error) {","\t\t\t\treturn callback(error);","\t\t\t}","\t\t\tvar parser = new xml2js.Parser({","\t\t\t\texplicitArray: false,","\t\t\t\tasync: true,","\t\t\t\tmergeAttrs: true","\t\t\t});","\t\t\tparser.parseString(body, function(err, result) {","\t\t\t\tcallback(err, result);","\t\t\t});","\t\t});","\t},","","\tgetSpreadsheet: function(key, callback) {","\t\t// creates a spreadsheet object, having first confirmed the sheet exists","\t\t//try and get the url","\t\tif (!this.authId) {","\t\t\treturn callback('auth required');","\t\t}","\t\tvar sheetUrl = makeUrl('spreadsheets',key), that = this;","\t\tthis.query({","\t\t\turl: sheetUrl","\t\t},function(err, result) {","\t\t\tif (err) {","\t\t\t\treturn callback(err);","\t\t\t}","\t\t\tif (!result) {","\t\t\t\treturn callback(null,null);","\t\t\t}","\t\t\t// assume it worked, parse the spreadsheet","\t\t\tcallback(null, that.parseSheet(result.entry));","\t\t});","\t}","};"],"l":{"1":1,"11":1,"20":0,"21":0,"22":0,"24":0,"25":0,"29":0,"32":0,"41":0,"42":0,"45":0,"47":0,"48":0,"52":0,"55":0,"56":0,"59":0,"62":0,"63":0,"65":0,"66":0,"67":0,"69":0,"71":0,"76":0,"84":0,"85":0,"87":0,"92":0,"93":0,"101":0,"102":0,"104":0,"105":0,"108":0,"109":0,"111":0,"112":0,"115":0}},"/home/travis/build/npmtest/node-npmtest-google-sheets/node_modules/google-sheets/lib/rows.js":{"path":"/home/travis/build/npmtest/node-npmtest-google-sheets/node_modules/google-sheets/lib/rows.js","s":{"1":1,"2":1,"3":0,"4":0,"5":0,"6":1,"7":0,"8":0,"9":0,"10":0,"11":0,"12":0,"13":0,"14":0,"15":0,"16":0,"17":0,"18":0,"19":0,"20":0,"21":0,"22":0,"23":0,"24":0,"25":0,"26":0,"27":0,"28":0,"29":0,"30":0,"31":0,"32":0,"33":0,"34":0,"35":0,"36":0,"37":0,"38":0,"39":0,"40":0,"41":0,"42":0,"43":0,"44":0,"45":0,"46":0,"47":0,"48":0,"49":0,"50":0,"51":0,"52":0,"53":0,"54":0,"55":0,"56":0,"57":0,"58":0,"59":0,"60":0,"61":0,"62":0,"63":0,"64":0,"65":0,"66":0,"67":0,"68":0,"69":0,"70":0,"71":0,"72":0,"73":0,"74":0,"75":0,"76":0,"77":0,"78":0,"79":0,"80":0,"81":0,"82":0,"83":0,"84":0,"85":0,"86":0,"87":1},"b":{"1":[0,0],"2":[0,0],"3":[0,0],"4":[0,0],"5":[0,0],"6":[0,0],"7":[0,0],"8":[0,0],"9":[0,0],"10":[0,0],"11":[0,0],"12":[0,0],"13":[0,0],"14":[0,0],"15":[0,0],"16":[0,0],"17":[0,0],"18":[0,0],"19":[0,0],"20":[0,0],"21":[0,0],"22":[0,0],"23":[0,0]},"f":{"1":0,"2":0,"3":0,"4":0,"5":0,"6":0,"7":0,"8":0,"9":0,"10":0,"11":0,"12":0,"13":0,"14":0,"15":0,"16":0},"fnMap":{"1":{"name":"Rows","line":7,"loc":{"start":{"line":7,"column":0},"end":{"line":7,"column":27}}},"2":{"name":"(anonymous_2)","line":13,"loc":{"start":{"line":13,"column":8},"end":{"line":13,"column":36}}},"3":{"name":"(anonymous_3)","line":22,"loc":{"start":{"line":22,"column":5},"end":{"line":22,"column":37}}},"4":{"name":"(anonymous_4)","line":32,"loc":{"start":{"line":32,"column":29},"end":{"line":32,"column":51}}},"5":{"name":"(anonymous_5)","line":43,"loc":{"start":{"line":43,"column":13},"end":{"line":43,"column":29}}},"6":{"name":"(anonymous_6)","line":70,"loc":{"start":{"line":70,"column":8},"end":{"line":70,"column":23}}},"7":{"name":"(anonymous_7)","line":102,"loc":{"start":{"line":102,"column":9},"end":{"line":102,"column":33}}},"8":{"name":"(anonymous_8)","line":121,"loc":{"start":{"line":121,"column":5},"end":{"line":121,"column":25}}},"9":{"name":"(anonymous_9)","line":130,"loc":{"start":{"line":130,"column":10},"end":{"line":130,"column":29}}},"10":{"name":"(anonymous_10)","line":133,"loc":{"start":{"line":133,"column":9},"end":{"line":133,"column":25}}},"11":{"name":"(anonymous_11)","line":136,"loc":{"start":{"line":136,"column":10},"end":{"line":136,"column":21}}},"12":{"name":"(anonymous_12)","line":139,"loc":{"start":{"line":139,"column":9},"end":{"line":139,"column":33}}},"13":{"name":"(anonymous_13)","line":144,"loc":{"start":{"line":144,"column":5},"end":{"line":144,"column":28}}},"14":{"name":"(anonymous_14)","line":149,"loc":{"start":{"line":149,"column":6},"end":{"line":149,"column":20}}},"15":{"name":"(anonymous_15)","line":157,"loc":{"start":{"line":157,"column":7},"end":{"line":157,"column":40}}},"16":{"name":"(anonymous_16)","line":187,"loc":{"start":{"line":187,"column":6},"end":{"line":187,"column":26}}}},"statementMap":{"1":{"start":{"line":1,"column":0},"end":{"line":5,"column":27}},"2":{"start":{"line":7,"column":0},"end":{"line":11,"column":1}},"3":{"start":{"line":8,"column":1},"end":{"line":8,"column":22}},"4":{"start":{"line":9,"column":1},"end":{"line":9,"column":16}},"5":{"start":{"line":10,"column":1},"end":{"line":10,"column":18}},"6":{"start":{"line":12,"column":0},"end":{"line":199,"column":2}},"7":{"start":{"line":14,"column":2},"end":{"line":41,"column":5}},"8":{"start":{"line":23,"column":3},"end":{"line":25,"column":4}},"9":{"start":{"line":24,"column":4},"end":{"line":24,"column":27}},"10":{"start":{"line":26,"column":3},"end":{"line":30,"column":6}},"11":{"start":{"line":31,"column":3},"end":{"line":40,"column":4}},"12":{"start":{"line":32,"column":4},"end":{"line":37,"column":7}},"13":{"start":{"line":33,"column":5},"end":{"line":35,"column":6}},"14":{"start":{"line":34,"column":6},"end":{"line":34,"column":28}},"15":{"start":{"line":36,"column":5},"end":{"line":36,"column":27}},"16":{"start":{"line":39,"column":4},"end":{"line":39,"column":15}},"17":{"start":{"line":44,"column":2},"end":{"line":46,"column":3}},"18":{"start":{"line":45,"column":3},"end":{"line":45,"column":15}},"19":{"start":{"line":48,"column":2},"end":{"line":54,"column":4}},"20":{"start":{"line":55,"column":2},"end":{"line":59,"column":3}},"21":{"start":{"line":56,"column":3},"end":{"line":58,"column":4}},"22":{"start":{"line":57,"column":4},"end":{"line":57,"column":37}},"23":{"start":{"line":60,"column":2},"end":{"line":67,"column":3}},"24":{"start":{"line":61,"column":3},"end":{"line":66,"column":4}},"25":{"start":{"line":62,"column":4},"end":{"line":62,"column":44}},"26":{"start":{"line":63,"column":4},"end":{"line":65,"column":5}},"27":{"start":{"line":64,"column":5},"end":{"line":64,"column":36}},"28":{"start":{"line":68,"column":2},"end":{"line":68,"column":13}},"29":{"start":{"line":71,"column":2},"end":{"line":71,"column":12}},"30":{"start":{"line":73,"column":2},"end":{"line":73,"column":25}},"31":{"start":{"line":76,"column":2},"end":{"line":80,"column":3}},"32":{"start":{"line":77,"column":3},"end":{"line":79,"column":4}},"33":{"start":{"line":78,"column":4},"end":{"line":78,"column":42}},"34":{"start":{"line":81,"column":2},"end":{"line":81,"column":72}},"35":{"start":{"line":82,"column":2},"end":{"line":82,"column":68}},"36":{"start":{"line":83,"column":2},"end":{"line":85,"column":3}},"37":{"start":{"line":84,"column":3},"end":{"line":84,"column":73}},"38":{"start":{"line":88,"column":2},"end":{"line":88,"column":32}},"39":{"start":{"line":89,"column":2},"end":{"line":89,"column":21}},"40":{"start":{"line":90,"column":2},"end":{"line":99,"column":3}},"41":{"start":{"line":91,"column":3},"end":{"line":95,"column":4}},"42":{"start":{"line":92,"column":4},"end":{"line":92,"column":27}},"43":{"start":{"line":93,"column":4},"end":{"line":93,"column":33}},"44":{"start":{"line":94,"column":4},"end":{"line":94,"column":19}},"45":{"start":{"line":96,"column":9},"end":{"line":99,"column":3}},"46":{"start":{"line":97,"column":3},"end":{"line":97,"column":34}},"47":{"start":{"line":98,"column":3},"end":{"line":98,"column":18}},"48":{"start":{"line":100,"column":2},"end":{"line":100,"column":19}},"49":{"start":{"line":104,"column":2},"end":{"line":105,"column":15}},"50":{"start":{"line":107,"column":2},"end":{"line":109,"column":77}},"51":{"start":{"line":111,"column":2},"end":{"line":115,"column":3}},"52":{"start":{"line":112,"column":3},"end":{"line":112,"column":59}},"53":{"start":{"line":113,"column":3},"end":{"line":114,"column":19}},"54":{"start":{"line":117,"column":2},"end":{"line":128,"column":5}},"55":{"start":{"line":122,"column":3},"end":{"line":124,"column":4}},"56":{"start":{"line":123,"column":4},"end":{"line":123,"column":25}},"57":{"start":{"line":125,"column":3},"end":{"line":125,"column":41}},"58":{"start":{"line":126,"column":3},"end":{"line":126,"column":23}},"59":{"start":{"line":127,"column":3},"end":{"line":127,"column":23}},"60":{"start":{"line":131,"column":2},"end":{"line":131,"column":30}},"61":{"start":{"line":134,"column":2},"end":{"line":134,"column":26}},"62":{"start":{"line":137,"column":2},"end":{"line":137,"column":19}},"63":{"start":{"line":140,"column":2},"end":{"line":140,"column":18}},"64":{"start":{"line":141,"column":2},"end":{"line":155,"column":5}},"65":{"start":{"line":145,"column":3},"end":{"line":145,"column":46}},"66":{"start":{"line":146,"column":3},"end":{"line":154,"column":6}},"67":{"start":{"line":150,"column":4},"end":{"line":152,"column":5}},"68":{"start":{"line":151,"column":5},"end":{"line":151,"column":26}},"69":{"start":{"line":153,"column":4},"end":{"line":153,"column":15}},"70":{"start":{"line":158,"column":2},"end":{"line":161,"column":3}},"71":{"start":{"line":159,"column":3},"end":{"line":159,"column":22}},"72":{"start":{"line":160,"column":3},"end":{"line":160,"column":16}},"73":{"start":{"line":163,"column":2},"end":{"line":165,"column":3}},"74":{"start":{"line":164,"column":3},"end":{"line":164,"column":37}},"75":{"start":{"line":167,"column":2},"end":{"line":168,"column":15}},"76":{"start":{"line":170,"column":2},"end":{"line":175,"column":10}},"77":{"start":{"line":176,"column":2},"end":{"line":181,"column":3}},"78":{"start":{"line":177,"column":3},"end":{"line":180,"column":4}},"79":{"start":{"line":178,"column":4},"end":{"line":179,"column":25}},"80":{"start":{"line":183,"column":2},"end":{"line":197,"column":5}},"81":{"start":{"line":188,"column":3},"end":{"line":190,"column":4}},"82":{"start":{"line":189,"column":4},"end":{"line":189,"column":25}},"83":{"start":{"line":191,"column":3},"end":{"line":191,"column":41}},"84":{"start":{"line":192,"column":3},"end":{"line":196,"column":4}},"85":{"start":{"line":193,"column":4},"end":{"line":193,"column":111}},"86":{"start":{"line":195,"column":4},"end":{"line":195,"column":24}},"87":{"start":{"line":201,"column":0},"end":{"line":201,"column":20}}},"branchMap":{"1":{"line":16,"type":"binary-expr","locations":[{"start":{"line":16,"column":11},"end":{"line":16,"column":25}},{"start":{"line":16,"column":29},"end":{"line":16,"column":34}}]},"2":{"line":17,"type":"binary-expr","locations":[{"start":{"line":17,"column":9},"end":{"line":17,"column":21}},{"start":{"line":17,"column":25},"end":{"line":17,"column":29}}]},"3":{"line":18,"type":"binary-expr","locations":[{"start":{"line":18,"column":21},"end":{"line":18,"column":36}},{"start":{"line":18,"column":40},"end":{"line":18,"column":42}}]},"4":{"line":23,"type":"if","locations":[{"start":{"line":23,"column":3},"end":{"line":23,"column":3}},{"start":{"line":23,"column":3},"end":{"line":23,"column":3}}]},"5":{"line":31,"type":"if","locations":[{"start":{"line":31,"column":3},"end":{"line":31,"column":3}},{"start":{"line":31,"column":3},"end":{"line":31,"column":3}}]},"6":{"line":33,"type":"if","locations":[{"start":{"line":33,"column":5},"end":{"line":33,"column":5}},{"start":{"line":33,"column":5},"end":{"line":33,"column":5}}]},"7":{"line":44,"type":"if","locations":[{"start":{"line":44,"column":2},"end":{"line":44,"column":2}},{"start":{"line":44,"column":2},"end":{"line":44,"column":2}}]},"8":{"line":56,"type":"if","locations":[{"start":{"line":56,"column":3},"end":{"line":56,"column":3}},{"start":{"line":56,"column":3},"end":{"line":56,"column":3}}]},"9":{"line":61,"type":"if","locations":[{"start":{"line":61,"column":3},"end":{"line":61,"column":3}},{"start":{"line":61,"column":3},"end":{"line":61,"column":3}}]},"10":{"line":63,"type":"if","locations":[{"start":{"line":63,"column":4},"end":{"line":63,"column":4}},{"start":{"line":63,"column":4},"end":{"line":63,"column":4}}]},"11":{"line":77,"type":"if","locations":[{"start":{"line":77,"column":3},"end":{"line":77,"column":3}},{"start":{"line":77,"column":3},"end":{"line":77,"column":3}}]},"12":{"line":83,"type":"if","locations":[{"start":{"line":83,"column":2},"end":{"line":83,"column":2}},{"start":{"line":83,"column":2},"end":{"line":83,"column":2}}]},"13":{"line":90,"type":"if","locations":[{"start":{"line":90,"column":2},"end":{"line":90,"column":2}},{"start":{"line":90,"column":2},"end":{"line":90,"column":2}}]},"14":{"line":96,"type":"if","locations":[{"start":{"line":96,"column":9},"end":{"line":96,"column":9}},{"start":{"line":96,"column":9},"end":{"line":96,"column":9}}]},"15":{"line":122,"type":"if","locations":[{"start":{"line":122,"column":3},"end":{"line":122,"column":3}},{"start":{"line":122,"column":3},"end":{"line":122,"column":3}}]},"16":{"line":150,"type":"if","locations":[{"start":{"line":150,"column":4},"end":{"line":150,"column":4}},{"start":{"line":150,"column":4},"end":{"line":150,"column":4}}]},"17":{"line":158,"type":"if","locations":[{"start":{"line":158,"column":2},"end":{"line":158,"column":2}},{"start":{"line":158,"column":2},"end":{"line":158,"column":2}}]},"18":{"line":163,"type":"if","locations":[{"start":{"line":163,"column":2},"end":{"line":163,"column":2}},{"start":{"line":163,"column":2},"end":{"line":163,"column":2}}]},"19":{"line":163,"type":"binary-expr","locations":[{"start":{"line":163,"column":6},"end":{"line":163,"column":18}},{"start":{"line":163,"column":22},"end":{"line":163,"column":29}}]},"20":{"line":177,"type":"if","locations":[{"start":{"line":177,"column":3},"end":{"line":177,"column":3}},{"start":{"line":177,"column":3},"end":{"line":177,"column":3}}]},"21":{"line":188,"type":"if","locations":[{"start":{"line":188,"column":3},"end":{"line":188,"column":3}},{"start":{"line":188,"column":3},"end":{"line":188,"column":3}}]},"22":{"line":192,"type":"if","locations":[{"start":{"line":192,"column":3},"end":{"line":192,"column":3}},{"start":{"line":192,"column":3},"end":{"line":192,"column":3}}]},"23":{"line":193,"type":"binary-expr","locations":[{"start":{"line":193,"column":66},"end":{"line":193,"column":76}},{"start":{"line":193,"column":80},"end":{"line":193,"column":82}}]}},"code":["var request = require('request'),","\tbuilder = require('xmlbuilder'),","\txml2js = require('xml2js'),","\tmakeUrl = require('./utils').makeUrl,","\t_ = require('underscore');","","function Rows(data,authId) {","\tthis.authId = authId;","\tthis.rows = [];","\tthis.parse(data);","}","Rows.prototype = {","\tquery: function(options, callback) {","\t\trequest({","\t\t\turl: options.url,","\t\t\tmethod: options.method || 'GET',","\t\t\tbody: options.body || null,","\t\t\theaders: _.extend(options.headers || {} , {","\t\t\t\t'Authorization': 'GoogleLogin auth=' + this.authId,","\t\t\t\t'Content-Type': 'application/atom+xml'","\t\t\t})","\t\t}, function(error, response, body) {","\t\t\tif (error) {","\t\t\t\treturn callback(error);","\t\t\t}","\t\t\tvar parser = new xml2js.Parser({","\t\t\t\texplicitArray: false,","\t\t\t\tasync: true,","\t\t\t\tmergeAttrs: true","\t\t\t});","\t\t\tif (body) {","\t\t\t\tparser.parseString(body, function(err, result) {","\t\t\t\t\tif (err) {","\t\t\t\t\t\treturn callback(body);","\t\t\t\t\t}","\t\t\t\t\tcallback(err, result);","\t\t\t\t});","\t\t\t} else {","\t\t\t\tcallback();","\t\t\t}","\t\t});","\t},","\tparseEntry: function(entry) {","\t\tif (!entry.id) {","\t\t\treturn null;","\t\t}","","\t\tvar row = {","\t\t\tid: entry.id,","\t\t\tlastModified: entry.updated,","\t\t\ttitle: entry.title._,","\t\t\tcontent: entry.content._,","\t\t\tdata: {}","\t\t};","\t\tfor (var k=0; k < entry.link.length; k++) {","\t\t\tif (entry.link[k].rel == 'edit') {","\t\t\t\trow.editUrl = entry.link[k].href;","\t\t\t}","\t\t}","\t\tfor (var key in entry) {","\t\t\tif (key.indexOf('gsx:')===0) {","\t\t\t\tvar rowName = key.substr('gsx:'.length);","\t\t\t\tif (!_.isEmpty(entry[key])) {","\t\t\t\t\trow.data[rowName] = entry[key];","\t\t\t\t}","\t\t\t}","\t\t}","\t\treturn row;","\t},","\tparse: function(data) {","\t\tvar i = 0;","","\t\tthis.id = data.feed.id;","","\t\t// loop over links","\t\tfor (i=0; i < data.feed.link.length; i++) {","\t\t\tif (data.feed.link[i].rel == 'http://schemas.google.com/g/2005#post') {","\t\t\t\tthis.postUrl = data.feed.link[i].href;","\t\t\t}","\t\t}","\t\tthis.totalResults = parseInt(data.feed['openSearch:totalResults'],10);","\t\tthis.startIndex = parseInt(data.feed['openSearch:startIndex'],10);","\t\tif (data.feed['openSearch:itemsPerPage']) {","\t\t\tthis.itemsPerPage = parseInt(data.feed['openSearch:itemsPerPage'],10);","\t\t}","","\t\t// loop over items and create Row objects","\t\tvar entries = data.feed.entry;","\t\tvar rows = [], row;","\t\tif (Array.isArray(entries)) {","\t\t\tfor (i=0; i < entries.length; i++) {","\t\t\t\tvar entry = entries[i];","\t\t\t\trow = this.parseEntry(entry);","\t\t\t\trows.push(row);","\t\t\t}","\t\t} else if (entries) {","\t\t\trow = this.parseEntry(entries);","\t\t\trows.push(row);","\t\t}","\t\tthis.rows = rows;","\t},","\tcreate: function(row, callback) {","\t\t// modify a row, then pass it to this function to save it, only modifications to data info is allowed","\t\tvar doc = builder.create(),","\t\t\tthat = this;","","\t\tvar document = doc.begin('entry')","\t\t\t\t.att('xmlns','http://www.w3.org/2005/Atom')","\t\t\t\t.att('xmlns:gsx','http://schemas.google.com/spreadsheets/2006/extended');","","\t\tfor (var key in row) {","\t\t\tvar keyname = key.toLowerCase().replace('[^a-z0-9]','');","\t\t\tdocument.ele('gsx:' + keyname)","\t\t\t\t.txt(row[key]);","\t\t}","\t\t// post to edit url","\t\tthis.query({","\t\t\turl: this.postUrl,","\t\t\tmethod: 'POST',","\t\t\tbody: doc.toString()","\t\t}, function(err, data) {","\t\t\tif (err) {","\t\t\t\treturn callback(err);","\t\t\t}","\t\t\tvar row = that.parseEntry(data.entry);","\t\t\tthat.rows.push(row);","\t\t\tcallback(null, row);","\t\t});","\t},","\tforEach: function(callback) {","\t\tthis.rows.forEach(callback);","\t},","\tgetRow: function(index) {","\t\treturn this.rows[index];","\t},","\tgetRows: function() {","\t\treturn this.rows;","\t},","\tremove: function(row, callback) {","\t\tvar that = this;","\t\tthis.query({","\t\t\turl: row.id,","\t\t\tmethod: 'GET'","\t\t}, function(err, rowData) {","\t\t\tvar entry = that.parseEntry(rowData.entry);","\t\t\tthat.query({","\t\t\t\turl: entry.editUrl,","\t\t\t\tmethod: 'DELETE'","\t\t\t}, function(err) {","\t\t\t\tif (err) {","\t\t\t\t\treturn callback(err);","\t\t\t\t}","\t\t\t\tcallback();","\t\t\t});","\t\t});","\t},","\tsave: function(row, options, callback) {","\t\tif (typeof options === 'function') {","\t\t\tcallback = options;","\t\t\toptions = {};","\t\t}","\t\t// modify a row, then pass it to this function to save it, only modifications to data info is allowed","\t\tif (!row.editUrl || !row.id) {","\t\t\treturn this.create(row, callback);","\t\t}","","\t\tvar doc = builder.create(),","\t\t\tthat = this;","","\t\tvar document = doc.begin('entry')","\t\t\t\t.att('xmlns','http://www.w3.org/2005/Atom')","\t\t\t\t.att('xmlns:gsx','http://schemas.google.com/spreadsheets/2006/extended')","\t\t\t.ele('id')","\t\t\t\t.txt(row.id)","\t\t\t\t.up();","\t\tfor (var key in row.data) {","\t\t\tif (row.data[key]) {","\t\t\t\tdocument.ele('gsx:' + key)","\t\t\t\t\t.txt(row.data[key]);","\t\t\t}","\t\t}","\t\t// post to edit url","\t\tthis.query(_.extend(options, {","\t\t\turl: row.editUrl,","\t\t\tmethod: 'PUT',","\t\t\tbody: doc.toString()","\t\t}), function(err, data) {","\t\t\tif (err) {","\t\t\t\treturn callback(err);","\t\t\t}","\t\t\tvar row = that.parseEntry(data.entry);","\t\t\tif (!row) {","\t\t\t\treturn callback(new Error('Unable to save result - no id ' + (data.entry || '').toString().slice(0, 300)));","\t\t\t} else {","\t\t\t\tcallback(null, row);","\t\t\t}","\t\t});","\t}","};","","exports.Rows = Rows;"],"l":{"1":1,"7":1,"8":0,"9":0,"10":0,"12":1,"14":0,"23":0,"24":0,"26":0,"31":0,"32":0,"33":0,"34":0,"36":0,"39":0,"44":0,"45":0,"48":0,"55":0,"56":0,"57":0,"60":0,"61":0,"62":0,"63":0,"64":0,"68":0,"71":0,"73":0,"76":0,"77":0,"78":0,"81":0,"82":0,"83":0,"84":0,"88":0,"89":0,"90":0,"91":0,"92":0,"93":0,"94":0,"96":0,"97":0,"98":0,"100":0,"104":0,"107":0,"111":0,"112":0,"113":0,"117":0,"122":0,"123":0,"125":0,"126":0,"127":0,"131":0,"134":0,"137":0,"140":0,"141":0,"145":0,"146":0,"150":0,"151":0,"153":0,"158":0,"159":0,"160":0,"163":0,"164":0,"167":0,"170":0,"176":0,"1
[...]
rray: false,","\t\t\t\t\tasync: true,","\t\t\t\t\tmergeAttrs: true","\t\t\t\t});","\t\t\t\tparser.parseString(body, function(err, result) {","\t\t\t\t\tif (err) {","\t\t\t\t\t\t// if an error occurred in the parsing, we can assume we got a non-xml result from google","\t\t\t\t\t\t// pass that error back instead","\t\t\t\t\t\treturn callback(body);","\t\t\t\t\t}","\t\t\t\t\tcallback(err, result);","\t\t\t\t});","\t\t\t} else {","\t\t\t\tcallback();","\t\t\t}","\t\t});","\t},","\tparseJSON: function(entry) {","\t\tvar worksheet = {","\t\t\tlastModified: entry.updated,","\t\t\ttitle: entry.title._,","\t\t\turl: entry.id,","\t\t\trows: parseInt(entry['gs:rowCount'],10),","\t\t\tcols: parseInt(entry['gs:colCount'],10)","\t\t};","\t\t// parse id from url","\t\tworksheet.id = worksheet.url.substr(worksheet.url.lastIndexOf('/')+1);","\t\t// loop over links","\t\tfor (var i=0; i < entry.link.length; i++) {","\t\t\tif (entry.link[i].rel==='edit') {","\t\t\t\tworksheet.editUrl = entry.link[i].href;","\t\t\t}","\t\t}","\t\tthis.meta = _.extend(this.meta, worksheet);","\t\treturn this.meta;","\t},","","\tgetRows: function(options,callback) {","\t\tif (typeof options === 'function') {","\t\t\tcallback = options;","\t\t\toptions = {};","\t\t}","","\t\tif (options.orderby) {","\t\t\toptions.orderby = 'gsx:' + options.orderby;","\t\t}","\t\tvar sq = null;","\t\tif (options.sq) {","\t\t\tsq = options.sq;","\t\t\tdelete options.sq;","\t\t}","","\t\tvar that = this,","\t\t\turl =  makeUrl('list', this.meta.spreadsheetId, this.meta.id) + '?' + querystring.stringify(options);","","\t\tif (sq) {","\t\t\tsq = encodeURIComponent(sq);","\t\t\tsq = sq.replace('%3E', '>').replace('%3C','<');","\t\t\turl += '&sq=' + sq;","\t\t}","","\t\tthis.query({","\t\t\turl:url,","\t\t\tmethod: 'GET'","\t\t}, function(err, data) {","\t\t\tif (err) {","\t\t\t\treturn callback(err);","\t\t\t}","","\t\t\t// parse rows into row objects we can update and save in the worksheet","\t\t\tvar rows = new Rows(data, that.authId);","\t\t\tthat.rows = rows;","\t\t\tcallback(null, rows);","\t\t});","\t},","","\tgetCells: function(options,callback) {","\t\tif (typeof options === 'function') {","\t\t\tcallback = options;","\t\t\toptions = {};","\t\t}","","\t\tif (options.minRow) {","\t\t\toptions['min-row'] = options.minRow;","\t\t\tdelete options.minRow;","\t\t}","\t\tif (options.maxRow) {","\t\t\toptions['max-row'] = options.maxRow;","\t\t\tdelete options.maxRow;","\t\t}","","\t\tif (options.minCol) {","\t\t\toptions['min-col'] = options.minCol;","\t\t\tdelete options.minCol;","\t\t}","\t\tif (options.maxCol) {","\t\t\toptions['max-col'] = options.maxCol;","\t\t\tdelete options.maxCol;","\t\t}","","\t\tvar that = this,","\t\t\turl =  makeUrl('cells', this.meta.spreadsheetId, this.meta.id) + '?' + querystring.stringify(options);","","\t\tthis.query({","\t\t\turl:url,","\t\t\tmethod: 'GET'","\t\t}, function(err, data) {","\t\t\tif (err) {","\t\t\t\treturn callback(err);","\t\t\t}","","\t\t\t// parse rows into row objects we can update and save in the worksheet","\t\t\tvar cells = new Cells(data, that.authId);","\t\t\tthat.cells = cells;","\t\t\tcallback(null, cells);","\t\t});","\t}","};","","exports.Worksheet = Worksheet;"],"l":{"1":1,"10":1,"11":0,"12":0,"14":1,"16":0,"23":0,"34":0,"37":0,"39":0,"54":0,"57":0,"59":0,"64":0,"65":0,"67":0,"68":0,"73":0,"75":0,"79":0,"82":0,"86":0,"87":0,"92":0,"93":0,"95":0,"96":0,"101":0,"105":0,"109":0,"112":0,"115":0,"118":0,"127":0,"128":0,"130":0,"131":0,"136":0,"137":0,"140":0,"142":0,"145":0,"150":0,"158":0,"160":0,"161":0,"162":0,"165":0,"166":0,"170":0,"171":0,"172":0,"175":0,"176":0,"178":0,"179":0,"180":0,"181":0,"184":0,"187":0,"188":0,"189":0,"190":0,"193":0,"197":0,"198":0,"202":0,"203":0,"204":0,"209":0,"210":0,"211":0,"214":0,"215":0,"216":0,"218":0,"219":0,"220":0,"223":0,"224":0,"225":0,"227":0,"228":0,"229":0,"232":0,"235":0,"239":0,"240":0,"244":0,"245":0,"246":0,"251":1}},"/home/travis/build/npmtest/node-npmtest-google-sheets/node_modules/google-sheets/lib/spreadsheet.js":{"path":"/home/travis/build/npmtest/node-npmtest-google-sheets/node_modules/google-sheets/lib/spreadsheet.js","s":{"1":1,"2":1,"3":0,"4":0,"5":0,"6":1,"7":0,"8":0,"9":0,"10":0,"11":0,"12":0,"13":0,"14":0,"15":0,"16":0,"17":0,"18":0,"19":0,"20":0,"21":0,"22":0,"23":0,"24":0,"25":0,"26":0,"27":0,"28":0,"29":0,"30":0,"31":0,"32":0,"33":1,"34":0,"35":0,"36":0,"37":0,"38":0,"39":0,"40":0,"41":0,"42":0,"43":0,"44":0,"45":0,"46":0,"47":0,"48":0,"49":0,"50":0,"51":0,"52":0,"53":0,"54":0,"55":1},"b":{"1":[0,0],"2":[0,0],"3":[0,0],"4":[0,0],"5":[0,0],"6":[0,0],"7":[0,0],"8":[0,0],"9":[0,0],"10":[0,0],"11":[0,0],"12":[0,0],"13":[0,0]},"f":{"1":0,"2":0,"3":0,"4":0,"5":0,"6":0,"7":0,"8":0,"9":0,"10":0,"11":0,"12":0,"13":0},"fnMap":{"1":{"name":"Spreadsheet","line":8,"loc":{"start":{"line":8,"column":0},"end":{"line":8,"column":35}}},"2":{"name":"(anonymous_2)","line":15,"loc":{"start":{"line":15,"column":8},"end":{"line":15,"column":36}}},"3":{"name":"(anonymous_3)","line":24,"loc":{"start":{"line":24,"column":5},"end":{"line":24,"column":37}}},"4":{"name":"(anonymous_4)","line":33,"loc":{"start":{"line":33,"column":28},"end":{"line":33,"column":50}}},"5":{"name":"(anonymous_5)","line":39,"loc":{"start":{"line":39,"column":17},"end":{"line":39,"column":43}}},"6":{"name":"(anonymous_6)","line":40,"loc":{"start":{"line":40,"column":21},"end":{"line":40,"column":47}}},"7":{"name":"(anonymous_7)","line":50,"loc":{"start":{"line":50,"column":15},"end":{"line":50,"column":40}}},"8":{"name":"(anonymous_8)","line":51,"loc":{"start":{"line":51,"column":21},"end":{"line":51,"column":47}}},"9":{"name":"(anonymous_9)","line":64,"loc":{"start":{"line":64,"column":16},"end":{"line":64,"column":35}}},"10":{"name":"(anonymous_10)","line":68,"loc":{"start":{"line":68,"column":5},"end":{"line":68,"column":27}}},"11":{"name":"addEntry","line":78,"loc":{"start":{"line":78,"column":6},"end":{"line":78,"column":32}}},"12":{"name":"(anonymous_12)","line":95,"loc":{"start":{"line":95,"column":18},"end":{"line":95,"column":48}}},"13":{"name":"(anonymous_13)","line":102,"loc":{"start":{"line":102,"column":15},"end":{"line":102,"column":40}}}},"statementMap":{"1":{"start":{"line":1,"column":0},"end":{"line":6,"column":27}},"2":{"start":{"line":8,"column":0},"end":{"line":12,"column":1}},"3":{"start":{"line":9,"column":1},"end":{"line":9,"column":18}},"4":{"start":{"line":10,"column":1},"end":{"line":10,"column":22}},"5":{"start":{"line":11,"column":1},"end":{"line":11,"column":22}},"6":{"start":{"line":13,"column":0},"end":{"line":117,"column":2}},"7":{"start":{"line":16,"column":2},"end":{"line":36,"column":5}},"8":{"start":{"line":25,"column":3},"end":{"line":27,"column":4}},"9":{"start":{"line":26,"column":4},"end":{"line":26,"column":27}},"10":{"start":{"line":28,"column":3},"end":{"line":32,"column":6}},"11":{"start":{"line":33,"column":3},"end":{"line":35,"column":6}},"12":{"start":{"line":34,"column":4},"end":{"line":34,"column":26}},"13":{"start":{"line":40,"column":2},"end":{"line":48,"column":5}},"14":{"start":{"line":41,"column":3},"end":{"line":43,"column":4}},"15":{"start":{"line":42,"column":4},"end":{"line":42,"column":25}},"16":{"start":{"line":44,"column":3},"end":{"line":46,"column":4}},"17":{"start":{"line":45,"column":4},"end":{"line":45,"column":105}},"18":{"start":{"line":47,"column":3},"end":{"line":47,"column":37}},"19":{"start":{"line":51,"column":2},"end":{"line":61,"column":5}},"20":{"start":{"line":52,"column":3},"end":{"line":54,"column":4}},"21":{"start":{"line":53,"column":4},"end":{"line":53,"column":25}},"22":{"start":{"line":55,"column":3},"end":{"line":59,"column":4}},"23":{"start":{"line":56,"column":4},"end":{"line":58,"column":5}},"24":{"start":{"line":57,"column":5},"end":{"line":57,"column":42}},"25":{"start":{"line":60,"column":3},"end":{"line":60,"column":54}},"26":{"start":{"line":65,"column":2},"end":{"line":65,"column":18}},"27":{"start":{"line":66,"column":2},"end":{"line":93,"column":5}},"28":{"start":{"line":69,"column":3},"end":{"line":71,"column":4}},"29":{"start":{"line":70,"column":4},"end":{"line":70,"column":25}},"30":{"start":{"line":72,"column":3},"end":{"line":72,"column":23}},"31":{"start":{"line":74,"column":3},"end":{"line":76,"column":4}},"32":{"start":{"line":75,"column":4},"end":{"line":75,"column":44}},"33":{"start":{"line":78,"column":6},"end":{"line":82,"column":7}},"34":{"start":{"line":79,"column":5},"end":{"line":79,"column":78}},"35":{"start":{"line":80,"column":6},"end":{"line":80,"column":33}},"36":{"start":{"line":81,"column":6},"end":{"line":81,"column":33}},"37":{"start":{"line":83,"column":6},"end":{"line":89,"column":7}},"38":{"start":{"line":84,"column":5},"end":{"line":86,"column":6}},"39":{"start":{"line":85,"column":6},"end":{"line":85,"column":37}},"40":{"start":{"line":88,"column":8},"end":{"line":88,"column":36}},"41":{"start":{"line":91,"column":3},"end":{"line":91,"column":32}},"42":{"start":{"line":92,"column":3},"end":{"line":92,"column":30}},"43":{"start":{"line":96,"column":2},"end":{"line":100,"column":3}},"44":{"start":{"line":97,"column":3},"end":{"line":97,"column":40}},"45":{"start":{"line":99,"column":3},"end":{"line":99,"column":30}},"46":{"start":{"line":103,"column":2},"end":{"line":103,"column":22}},"47":{"start":{"line":105,"column":2},"end":{"line":112,"column":3}},"48":{"start":{"line":107,"column":3},"end":{"line":107,"column":42}},"49":{"start":{"line":108,"column":3},"end":{"line":108,"column":20}},"50":{"start":{"line":109,"column":9},"end":{"line":112,"column":3}},"51":{"start":{"line":110,"column":3},"end":{"line":110,"column":37}},"52":{"start":{"line":111,"column":3},"end":{"line":111,"column":48}},"53":{"start":{"line":114,"column":2},"end":{"line":114,"column":34}},"54":{"start":{"line":115,"column":2},"end":{"line":115,"column":27}},"55":{"start":{"line":119,"column":0},"end":{"line":119,"column":34}}},"branchMap":{"1":{"line":18,"type":"binary-expr","locations":[{"start":{"line":18,"column":11},"end":{"line":18,"column":25}},{"start":{"line":18,"column":29},"end":{"line":18,"column":34}}]},"2":{"line":19,"type":"binary-expr","locations":[{"start":{"line":19,"column":9},"end":{"line":19,"column":21}},{"start":{"line":19,"column":25},"end":{"line":19,"column":29}}]},"3":{"line":25,"type":"if","locations":[{"start":{"line":25,"column":3},"end":{"line":25,"column":3}},{"start":{"line":25,"column":3},"end":{"line":25,"column":3}}]},"4":{"line":41,"type":"if","locations":[{"start":{"line":41,"column":3},"end":{"line":41,"column":3}},{"start":{"line":41,"column":3},"end":{"line":41,"column":3}}]},"5":{"line":44,"type":"if","locations":[{"start":{"line":44,"column":3},"end":{"line":44,"column":3}},{"start":{"line":44,"column":3},"end":{"line":44,"column":3}}]},"6":{"line":52,"type":"if","locations":[{"start":{"line":52,"column":3},"end":{"line":52,"column":3}},{"start":{"line":52,"column":3},"end":{"line":52,"column":3}}]},"7":{"line":56,"type":"if","locations":[{"start":{"line":56,"column":4},"end":{"line":56,"column":4}},{"start":{"line":56,"column":4},"end":{"line":56,"column":4}}]},"8":{"line":69,"type":"if","locations":[{"start":{"line":69,"column":3},"end":{"line":69,"column":3}},{"start":{"line":69,"column":3},"end":{"line":69,"column":3}}]},"9":{"line":74,"type":"if","locations":[{"start":{"line":74,"column":3},"end":{"line":74,"column":3}},{"start":{"line":74,"column":3},"end":{"line":74,"column":3}}]},"10":{"line":83,"type":"if","locations":[{"start":{"line":83,"column":6},"end":{"line":83,"column":6}},{"start":{"line":83,"column":6},"end":{"line":83,"column":6}}]},"11":{"line":96,"type":"if","locations":[{"start":{"line":96,"column":2},"end":{"line":96,"column":2}},{"start":{"line":96,"column":2},"end":{"line":96,"column":2}}]},"12":{"line":105,"type":"if","locations":[{"start":{"line":105,"column":2},"end":{"line":105,"column":2}},{"start":{"line":105,"column":2},"end":{"line":105,"column":2}}]},"13":{"line":109,"type":"if","locations":[{"start":{"line":109,"column":9},"end":{"line":109,"column":9}},{"start":{"line":109,"column":9},"end":{"line":109,"column":9}}]}},"code":["var request = require('request'),","\tbuilder = require('xmlbuilder'),","\txml2js = require('xml2js'),","\tWorksheet = require('./worksheet').Worksheet,","\tmakeUrl = require('./utils').makeUrl,","\t_ = require('underscore');","","function Spreadsheet(meta, authId) {","\tthis.meta = meta;","\tthis.authId = authId;","\tthis.worksheets = [];","}","Spreadsheet.prototype = {","","\tquery: function(options, callback) {","\t\trequest({","\t\t\turl: options.url,","\t\t\tmethod: options.method || 'GET',","\t\t\tbody: options.body || null,","\t\t\theaders: {","\t\t\t\t'Authorization': 'GoogleLogin auth=' + this.authId,","\t\t\t\t'Content-Type': 'application/atom+xml'","\t\t\t}","\t\t}, function(error, response, body) {","\t\t\tif (error) {","\t\t\t\treturn callback(error);","\t\t\t}","\t\t\tvar parser = new xml2js.Parser({","\t\t\t\texplicitArray: false,","\t\t\t\tasync: true,","\t\t\t\tmergeAttrs: true","\t\t\t});","\t\t\tparser.parseString(body, function(err, result) {","\t\t\t\tcallback(err, result);","\t\t\t});","\t\t});","\t},","","\tgetWorksheetAt: function(index, callback) {","\t\tthis.getWorksheets(function(err, worksheets) {","\t\t\tif (err) {","\t\t\t\treturn callback(err);","\t\t\t}","\t\t\tif (index >= worksheets.length) {","\t\t\t\treturn callback('index out of range, only ' + worksheets.length + ' worksheets in this spreadsheet');","\t\t\t}","\t\t\tcallback(null, worksheets[index]);","\t\t});","\t},","\tgetWorksheet: function(name, callback) {","\t\tthis.getWorksheets(function(err, worksheets) {","\t\t\tif (err) {","\t\t\t\treturn callback(err);","\t\t\t}","\t\t\tfor (var i=0; i < worksheets.length; i++) {","\t\t\t\tif (worksheets[i].getTitle()===name) {","\t\t\t\t\treturn callback(null, worksheets[i]);","\t\t\t\t}","\t\t\t}","\t\t\treturn callback('no worksheet with title ' + name);","\t\t});","\t},","","\tgetWorksheets: function(callback) {","\t\tvar that = this;","\t\tthis.query({","\t\t\turl: makeUrl('worksheets',this.meta.id)","\t\t}, function(err, result) {","\t\t\tif (err) {","\t\t\t\treturn callback(err);","\t\t\t}","\t\t\tvar worksheets = [];","\t\t\t","\t\t\tif ( Array.isArray(result.feed.entry) === false ) {","\t\t\t\tresult.feed.entry = [result.feed.entry];","\t\t\t}","","      function addEntry (entry) {","\t\t\t  var worksheet = new Worksheet({spreadsheetId: that.meta.id},that.authId);","    \t\tworksheet.parseJSON(entry);","    \t\tworksheets.push(worksheet);","      }","      if (typeof result.feed.entry.length === 'number') {","  \t\t\tfor(var i=0; i < result.feed.entry.length; i++) {","  \t\t\t\taddEntry(result.feed.entry[i]);","  \t\t\t}","      } else {","        addEntry(result.feed.entry);","      }","","\t\t\tthat.worksheets = worksheets;","\t\t\tcallback(null, worksheets);","\t\t});","\t},","\tdeleteWorksheet: function(worksheet, callback) {","\t\tif (!(worksheet instanceof Worksheet)) {","\t\t\tcallback('Not a worksheet instance');","\t\t} else {","\t\t\tworksheet.remove(callback);","\t\t}","\t},","\taddWorksheet: function(data, callback) {","\t\tvar worsheet = null;","","\t\tif (data instanceof Worksheet) {","\t\t\t// just add it to our array, and tell worksheet to save","\t\t\tdata.meta.spreadsheetId = this.meta.id;","\t\t\tworksheet = data;","\t\t} else if (typeof data === 'object') {","\t\t\tdata.spreadsheetId = this.meta.id;","\t\t\tworksheet = new Worksheet(data, this.authId);","\t\t}","","\t\tthis.worksheets.push(worksheet);","\t\tworksheet.save(callback);","\t}","};","","exports.Spreadsheet = Spreadsheet;",""],"l":{"1":1,"8":1,"9":0,"10":0,"11":0,"13":1,"16":0,"25":0,"26":0,"28":0,"33":0,"34":0,"40":0,"41":0,"42":0,"44":0,"45":0,"47":0,"51":0,"52":0,"53":0,"55":0,"56":0,"57":0,"60":0,"65":0,"66":0,"69":0,"70":0,"72":0,"74":0,"75":0,"78":1,"79":0,"80":0,"81":0,"83":0,"84":0,"85":0,"88":0,"91":0,"92":0,"96":0,"97":0,"99":0,"103":0,"105":0,"107":0,"108":0,"109":0,"110":0,"111":0,"114":0,"115":0,"119":1}},"/home/travis/build/npmtest/node-npmtest-google-sheets/node_modules/google-sheets/lib/auth.js":{"path":"/home/travis/build/npmtest/node-npmtest-google-sheets/node_modules/google-sheets/lib/auth.js","s":{"1":1,"2":1,"3":0,"4":0,"5":0,"6":0,"7":0,"8":0,"9":0,"10":0,"11":0,"12":0,"13":0,"14":0,"15":0,"16":0},"b":{"1":[0,0,0],"2":[0,0],"3":[0,0]},"f":{"1":0,"2":0,"3":0},"fnMap":{"1":{"name":"(anonymous_1)","line":3,"loc":{"start":{"line":3,"column":20},"end":{"line":3,"column":48}}},"2":{"name":"(anonymous_2)","line":10,"loc":{"start":{"line":10,"column":47},"end":{"line":10,"column":57}}},"3":{"name":"(anonymous_3)","line":14,"loc":{"start":{"line":14,"column":47},"end":{"line":14,"column":59}}}},"statementMap":{"1":{"start":{"line":1,"column":0},"end":{"line":1,"column":71}},"2":{"start":{"line":3,"column":0},"end":{"line":36,"column":2}},"3":{"start":{"line":4,"column":1},"end":{"line":9,"column":4}},"4":{"start":{"line":10,"column":1},"end":{"line":13,"column":4}},"5":{"start":{"line":12,"column":2},"end":{"line":12,"column":41}},"6":{"start":{"line":14,"column":1},"end":{"line":30,"column":4}},"7":{"start":{"line":15,"column":2},"end":{"line":28,"column":3}},"8":{"start":{"line":17,"column":4},"end":{"line":23,"column":5}},"9":{"start":{"line":18,"column":5},"end":{"line":22,"column":8}},"10":{"start":{"line":24,"column":4},"end":{"line":24,"column":10}},"11":{"start":{"line":27,"column":4},"end":{"line":27,"column":104}},"12":{"start":{"line":29,"column":2},"end":{"line":29,"column":74}},"13":{"start":{"line":31,"column":1},"end":{"line":31,"column":25}},"14":{"start":{"line":32,"column":1},"end":{"line":34,"column":2}},"15":{"start":{"line":33,"column":2},"end":{"line":33,"column":71}},"16":{"start":{"line":35,"column":1},"end":{"line":35,"column":27}}},"branchMap":{"1":{"line":15,"type":"switch","locations":[{"start":{"line":16,"column":3},"end":{"line":24,"column":10}},{"start":{"line":25,"column":3},"end":{"line":25,"column":46}},{"start":{"line":26,"column":3},"end":{"line":27,"column":104}}]},"2":{"line":17,"type":"if","locations":[{"start":{"line":17,"column":4},"end":{"line":17,"column":4}},{"start":{"line":17,"column":4},"end":{"line":17,"column":4}}]},"3":{"line":32,"type":"if","locations":[{"start":{"line":32,"column":1},"end":{"line":32,"column":1}},{"start":{"line":32,"column":1},"end":{"line":32,"column":1}}]}},"code":["var GoogleClientLogin = require('googleclientlogin').GoogleClientLogin;","","exports.authorize = function(options, callback) {","\tvar googleAuth = new GoogleClientLogin({","\t\temail: options.email,","\t\tpassword: options.password,","\t\tservice: 'spreadsheets',","\t\taccountType: GoogleClientLogin.accountTypes.google","\t});","\tgoogleAuth.on(GoogleClientLogin.events.login, function(){","\t\t// do things with google services","\t\tcallback(null, googleAuth.getAuthId());","\t});","\tgoogleAuth.on(GoogleClientLogin.events.error, function(e) {","\t\tswitch(e.message) {","\t\t\tcase GoogleClientLogin.errors.loginFailed:","\t\t\t\tif (this.isCaptchaRequired()) {","\t\t\t\t\treturn callback('captcha required', {","\t\t\t\t\t\terror: 'Process captcha then recall function with captcha and token parameters',","\t\t\t\t\t\tcaptchaUrl: this.getCaptchaUrl(),","\t\t\t\t\t\tcaptchaToken: this.getCaptchaToken()","\t\t\t\t\t});","\t\t\t\t}","\t\t\t\tbreak;","\t\t\tcase GoogleClientLogin.errors.tokenMissing:","\t\t\tcase GoogleClientLogin.errors.captchaMissing:","\t\t\t\treturn callback('captcha missing', {error: 'You must pass the both captcha token and the captcha'});","\t\t}","\t\tcallback('unkown error',{error: 'Unknown error in GoogleClientLogin.'});","\t});","\tvar captcha = undefined;","\tif (options.captcha) {","\t\tcaptcha = {logincaptcha: options.captcha, logintoken: options.token};","\t}","\tgoogleAuth.login(captcha);","};"],"l":{"1":1,"3":1,"4":0,"10":0,"12":0,"14":0,"15":0,"17":0,"18":0,"24":0,"27":0,"29":0,"31":0,"32":0,"33":0,"35":0}}}